0	1	mikroCPIC32.exe -MSF -DBG -pP32MX795F512L -DL -SSA -EBASE 0x9FC01000 -INTDEF MV_SRS7_IS32 -O11111114 -fo48 -N"D:\GitHub\MENU_LCD_PIC32\MENU_LCD_PIC32.mcp32" -SP"C:\Users\Public\Documents\Mikroelektronika\mikroC PRO for PIC32\Defs\" -SP"C:\Users\Public\Documents\Mikroelektronika\mikroC PRO for PIC32\Uses\" -SP"D:\GitHub\MENU_LCD_PIC32\" -SP"D:\GitHub\MENU_LCD_PIC32\TIMER\" -SP"D:\GitHub\MENU_LCD_PIC32\LCD\" -SP"D:\GitHub\MENU_LCD_PIC32\PANEL\" -IP"C:\Users\Public\Documents\Mikroelektronika\mikroC PRO for PIC32\Uses\" -IP"D:\GitHub\MENU_LCD_PIC32\" -IP"D:\GitHub\MENU_LCD_PIC32\TIMER\" -IP"D:\GitHub\MENU_LCD_PIC32\LCD\" -IP"D:\GitHub\MENU_LCD_PIC32\PANEL\" "MENU_LCD_Main.c" "TIMER.c" "LCD.c" "MENU_LCD.c" "PANEL.c" "__Lib_CP0.emcl" "__Lib_Math.emcl" "__Lib_MathDouble.emcl" "__Lib_System.emcl" "__Lib_SoftResetDma.emcl" "__Lib_Delays.emcl" "__Lib_CType.emcl" "__Lib_CString.emcl" "__Lib_CStdlib.emcl" "__Lib_CMath.emcl" "__Lib_MemManager.emcl" "__Lib_Sprintf.emcl" "__Lib_PrintOut.emcl" "__Lib_Sprinti.emcl" "__Lib_Sprintl.emcl" "__Lib_I2C_12345.emcl" "__Lib_UART_123456.emcl" "__Lib_LcdConsts.emcl" "__Lib_Lcd.emcl"	 
diagnostics: 0	122	Compilation Started	menu_lcd_prototype.h
diagnostics: 82	123	Compiled Successfully	MENU_LCD_Main.c
diagnostics: 0	122	Compilation Started	timer.h
hint: 0	1004	interrupt handler (InterruptTimerKeyboard at 0x0010)	TIMER.c
diagnostics: 44	123	Compiled Successfully	TIMER.c
diagnostics: 0	122	Compilation Started	lcd.h
diagnostics: 36	123	Compiled Successfully	LCD.c
diagnostics: 0	122	Compilation Started	panel_prototype.h
warning: 45	1506	Implicit conversion of pointer to int	MENU_LCD.c
warning: 46	1506	Implicit conversion of pointer to int	MENU_LCD.c
warning: 49	1506	Implicit conversion of pointer to int	MENU_LCD.c
warning: 50	1506	Implicit conversion of pointer to int	MENU_LCD.c
warning: 51	1506	Implicit conversion of pointer to int	MENU_LCD.c
warning: 52	1506	Implicit conversion of pointer to int	MENU_LCD.c
warning: 53	1506	Implicit conversion of pointer to int	MENU_LCD.c
warning: 55	1506	Implicit conversion of pointer to int	MENU_LCD.c
warning: 56	1506	Implicit conversion of pointer to int	MENU_LCD.c
warning: 57	1506	Implicit conversion of pointer to int	MENU_LCD.c
warning: 58	1506	Implicit conversion of pointer to int	MENU_LCD.c
warning: 59	1506	Implicit conversion of pointer to int	MENU_LCD.c
warning: 62	1506	Implicit conversion of pointer to int	MENU_LCD.c
warning: 63	1506	Implicit conversion of pointer to int	MENU_LCD.c
warning: 64	1506	Implicit conversion of pointer to int	MENU_LCD.c
warning: 106	1505	Suspicious pointer conversion	MENU_LCD.c
diagnostics: 211	123	Compiled Successfully	MENU_LCD.c
diagnostics: 0	122	Compilation Started	panel.h
diagnostics: 54	123	Compiled Successfully	PANEL.c
diagnostics: 0	127	All files Compiled in 1015 ms	 
hint: 0	1144	Used RX: 15 (47%)   Free RX: 17 (53%)	Used RX: 15 (47%)   Free RX: 17 (53%)
hint: 0	1144	Static RAM (bytes): 204   Dynamic RAM (bytes): 130865	Static RAM (bytes): 204   Dynamic RAM (bytes): 130865
hint: 0	1144	Used ROM (bytes): 4970 (1%)  Free ROM (bytes): 519318 (99%)	Used ROM (bytes): 4970 (1%)  Free ROM (bytes): 519318 (99%)
hint: 0	1144	Used BOOTROM (bytes): 2104 (17%)  Free BOOTROM (bytes): 10169 (83%)	Used BOOTROM (bytes): 2104 (17%)  Free BOOTROM (bytes): 10169 (83%)
diagnostics: 0	125	Project Linked Successfully	MENU_LCD_PIC32.mcp32
diagnostics: 0	128	Linked in 203 ms	 
diagnostics: 0	129	Project 'MENU_LCD_PIC32.mcp32' completed: 1390 ms	 
diagnostics: 0	103	Finished successfully: 13 jul 2018, 10:16:17	MENU_LCD_PIC32.mcp32
