;  LST file generated by mikroListExporter - v.2.0 
; Date/Time: 13/07/2018 10:16:16
;----------------------------------------------

;Address Opcode 	ASM
____SysVT:
0x9FC01180	0x0B4003F8  J	___GenExcept
0x9FC01184	0x70000000  NOP	
0x9FC01188	0x70000000  NOP	
0x9FC0118C	0x70000000  NOP	
0x9FC01190	0x70000000  NOP	
0x9FC01194	0x70000000  NOP	
0x9FC01198	0x70000000  NOP	
0x9FC0119C	0x70000000  NOP	
0x9FC011A0	0x70000000  NOP	
0x9FC011A4	0x70000000  NOP	
0x9FC011A8	0x70000000  NOP	
0x9FC011AC	0x70000000  NOP	
0x9FC011B0	0x70000000  NOP	
0x9FC011B4	0x70000000  NOP	
0x9FC011B8	0x70000000  NOP	
0x9FC011BC	0x70000000  NOP	
0x9FC011C0	0x70000000  NOP	
0x9FC011C4	0x70000000  NOP	
0x9FC011C8	0x70000000  NOP	
0x9FC011CC	0x70000000  NOP	
0x9FC011D0	0x70000000  NOP	
0x9FC011D4	0x70000000  NOP	
0x9FC011D8	0x70000000  NOP	
0x9FC011DC	0x70000000  NOP	
0x9FC011E0	0x70000000  NOP	
0x9FC011E4	0x70000000  NOP	
0x9FC011E8	0x70000000  NOP	
0x9FC011EC	0x70000000  NOP	
0x9FC011F0	0x70000000  NOP	
0x9FC011F4	0x70000000  NOP	
0x9FC011F8	0x70000000  NOP	
0x9FC011FC	0x70000000  NOP	
0x9FC01200	0x0B4003CC  J	_main
0x9FC01204	0x70000000  NOP	
0x9FC01208	0x70000000  NOP	
0x9FC0120C	0x70000000  NOP	
0x9FC01210	0x70000000  NOP	
0x9FC01214	0x70000000  NOP	
0x9FC01218	0x70000000  NOP	
0x9FC0121C	0x70000000  NOP	
0x9FC01220	0x0B4003CC  J	_main
0x9FC01224	0x70000000  NOP	
0x9FC01228	0x70000000  NOP	
0x9FC0122C	0x70000000  NOP	
0x9FC01230	0x70000000  NOP	
0x9FC01234	0x70000000  NOP	
0x9FC01238	0x70000000  NOP	
0x9FC0123C	0x70000000  NOP	
0x9FC01240	0x0B4003CC  J	_main
0x9FC01244	0x70000000  NOP	
0x9FC01248	0x70000000  NOP	
0x9FC0124C	0x70000000  NOP	
0x9FC01250	0x70000000  NOP	
0x9FC01254	0x70000000  NOP	
0x9FC01258	0x70000000  NOP	
0x9FC0125C	0x70000000  NOP	
0x9FC01260	0x0B4003CC  J	_main
0x9FC01264	0x70000000  NOP	
0x9FC01268	0x70000000  NOP	
0x9FC0126C	0x70000000  NOP	
0x9FC01270	0x70000000  NOP	
0x9FC01274	0x70000000  NOP	
0x9FC01278	0x70000000  NOP	
0x9FC0127C	0x70000000  NOP	
0x9FC01280	0x0B4003CC  J	_main
0x9FC01284	0x70000000  NOP	
0x9FC01288	0x70000000  NOP	
0x9FC0128C	0x70000000  NOP	
0x9FC01290	0x70000000  NOP	
0x9FC01294	0x70000000  NOP	
0x9FC01298	0x70000000  NOP	
0x9FC0129C	0x70000000  NOP	
0x9FC012A0	0x0B4003CC  J	_main
0x9FC012A4	0x70000000  NOP	
0x9FC012A8	0x70000000  NOP	
0x9FC012AC	0x70000000  NOP	
0x9FC012B0	0x70000000  NOP	
0x9FC012B4	0x70000000  NOP	
0x9FC012B8	0x70000000  NOP	
0x9FC012BC	0x70000000  NOP	
0x9FC012C0	0x0B4003CC  J	_main
0x9FC012C4	0x70000000  NOP	
0x9FC012C8	0x70000000  NOP	
0x9FC012CC	0x70000000  NOP	
0x9FC012D0	0x70000000  NOP	
0x9FC012D4	0x70000000  NOP	
0x9FC012D8	0x70000000  NOP	
0x9FC012DC	0x70000000  NOP	
0x9FC012E0	0x0B4003CC  J	_main
0x9FC012E4	0x70000000  NOP	
0x9FC012E8	0x70000000  NOP	
0x9FC012EC	0x70000000  NOP	
0x9FC012F0	0x70000000  NOP	
0x9FC012F4	0x70000000  NOP	
0x9FC012F8	0x70000000  NOP	
0x9FC012FC	0x70000000  NOP	
0x9FC01300	0x0B4003CC  J	_main
0x9FC01304	0x70000000  NOP	
0x9FC01308	0x70000000  NOP	
0x9FC0130C	0x70000000  NOP	
0x9FC01310	0x70000000  NOP	
0x9FC01314	0x70000000  NOP	
0x9FC01318	0x70000000  NOP	
0x9FC0131C	0x70000000  NOP	
0x9FC01320	0x0B4003CC  J	_main
0x9FC01324	0x70000000  NOP	
0x9FC01328	0x70000000  NOP	
0x9FC0132C	0x70000000  NOP	
0x9FC01330	0x70000000  NOP	
0x9FC01334	0x70000000  NOP	
0x9FC01338	0x70000000  NOP	
0x9FC0133C	0x70000000  NOP	
0x9FC01340	0x0B4003CC  J	_main
0x9FC01344	0x70000000  NOP	
0x9FC01348	0x70000000  NOP	
0x9FC0134C	0x70000000  NOP	
0x9FC01350	0x70000000  NOP	
0x9FC01354	0x70000000  NOP	
0x9FC01358	0x70000000  NOP	
0x9FC0135C	0x70000000  NOP	
0x9FC01360	0x0B4003CC  J	_main
0x9FC01364	0x70000000  NOP	
0x9FC01368	0x70000000  NOP	
0x9FC0136C	0x70000000  NOP	
0x9FC01370	0x70000000  NOP	
0x9FC01374	0x70000000  NOP	
0x9FC01378	0x70000000  NOP	
0x9FC0137C	0x70000000  NOP	
0x9FC01380	0x0B4003CC  J	_main
0x9FC01384	0x70000000  NOP	
0x9FC01388	0x70000000  NOP	
0x9FC0138C	0x70000000  NOP	
0x9FC01390	0x70000000  NOP	
0x9FC01394	0x70000000  NOP	
0x9FC01398	0x70000000  NOP	
0x9FC0139C	0x70000000  NOP	
0x9FC013A0	0x0B4003CC  J	_main
0x9FC013A4	0x70000000  NOP	
0x9FC013A8	0x70000000  NOP	
0x9FC013AC	0x70000000  NOP	
0x9FC013B0	0x70000000  NOP	
0x9FC013B4	0x70000000  NOP	
0x9FC013B8	0x70000000  NOP	
0x9FC013BC	0x70000000  NOP	
0x9FC013C0	0x0B4003CC  J	_main
0x9FC013C4	0x70000000  NOP	
0x9FC013C8	0x70000000  NOP	
0x9FC013CC	0x70000000  NOP	
0x9FC013D0	0x70000000  NOP	
0x9FC013D4	0x70000000  NOP	
0x9FC013D8	0x70000000  NOP	
0x9FC013DC	0x70000000  NOP	
0x9FC013E0	0x0B4003CC  J	_main
0x9FC013E4	0x70000000  NOP	
0x9FC013E8	0x70000000  NOP	
0x9FC013EC	0x70000000  NOP	
0x9FC013F0	0x70000000  NOP	
0x9FC013F4	0x70000000  NOP	
0x9FC013F8	0x70000000  NOP	
0x9FC013FC	0x70000000  NOP	
0x9FC01400	0x0B4003FE  J	_InterruptTimerKeyboard
0x9FC01404	0x70000000  NOP	
0x9FC01408	0x70000000  NOP	
0x9FC0140C	0x70000000  NOP	
0x9FC01410	0x70000000  NOP	
0x9FC01414	0x70000000  NOP	
0x9FC01418	0x70000000  NOP	
0x9FC0141C	0x70000000  NOP	
0x9FC01420	0x0B4003CC  J	_main
0x9FC01424	0x70000000  NOP	
0x9FC01428	0x70000000  NOP	
0x9FC0142C	0x70000000  NOP	
0x9FC01430	0x70000000  NOP	
0x9FC01434	0x70000000  NOP	
0x9FC01438	0x70000000  NOP	
0x9FC0143C	0x70000000  NOP	
0x9FC01440	0x0B4003CC  J	_main
0x9FC01444	0x70000000  NOP	
0x9FC01448	0x70000000  NOP	
0x9FC0144C	0x70000000  NOP	
0x9FC01450	0x70000000  NOP	
0x9FC01454	0x70000000  NOP	
0x9FC01458	0x70000000  NOP	
0x9FC0145C	0x70000000  NOP	
0x9FC01460	0x0B4003CC  J	_main
0x9FC01464	0x70000000  NOP	
0x9FC01468	0x70000000  NOP	
0x9FC0146C	0x70000000  NOP	
0x9FC01470	0x70000000  NOP	
0x9FC01474	0x70000000  NOP	
0x9FC01478	0x70000000  NOP	
0x9FC0147C	0x70000000  NOP	
0x9FC01480	0x0B4003CC  J	_main
0x9FC01484	0x70000000  NOP	
0x9FC01488	0x70000000  NOP	
0x9FC0148C	0x70000000  NOP	
0x9FC01490	0x70000000  NOP	
0x9FC01494	0x70000000  NOP	
0x9FC01498	0x70000000  NOP	
0x9FC0149C	0x70000000  NOP	
0x9FC014A0	0x0B4003CC  J	_main
0x9FC014A4	0x70000000  NOP	
0x9FC014A8	0x70000000  NOP	
0x9FC014AC	0x70000000  NOP	
0x9FC014B0	0x70000000  NOP	
0x9FC014B4	0x70000000  NOP	
0x9FC014B8	0x70000000  NOP	
0x9FC014BC	0x70000000  NOP	
0x9FC014C0	0x0B4003CC  J	_main
0x9FC014C4	0x70000000  NOP	
0x9FC014C8	0x70000000  NOP	
0x9FC014CC	0x70000000  NOP	
0x9FC014D0	0x70000000  NOP	
0x9FC014D4	0x70000000  NOP	
0x9FC014D8	0x70000000  NOP	
0x9FC014DC	0x70000000  NOP	
0x9FC014E0	0x0B4003CC  J	_main
0x9FC014E4	0x70000000  NOP	
0x9FC014E8	0x70000000  NOP	
0x9FC014EC	0x70000000  NOP	
0x9FC014F0	0x70000000  NOP	
0x9FC014F4	0x70000000  NOP	
0x9FC014F8	0x70000000  NOP	
0x9FC014FC	0x70000000  NOP	
0x9FC01500	0x0B4003CC  J	_main
0x9FC01504	0x70000000  NOP	
0x9FC01508	0x70000000  NOP	
0x9FC0150C	0x70000000  NOP	
0x9FC01510	0x70000000  NOP	
0x9FC01514	0x70000000  NOP	
0x9FC01518	0x70000000  NOP	
0x9FC0151C	0x70000000  NOP	
0x9FC01520	0x0B4003CC  J	_main
0x9FC01524	0x70000000  NOP	
0x9FC01528	0x70000000  NOP	
0x9FC0152C	0x70000000  NOP	
0x9FC01530	0x70000000  NOP	
0x9FC01534	0x70000000  NOP	
0x9FC01538	0x70000000  NOP	
0x9FC0153C	0x70000000  NOP	
0x9FC01540	0x0B4003CC  J	_main
0x9FC01544	0x70000000  NOP	
0x9FC01548	0x70000000  NOP	
0x9FC0154C	0x70000000  NOP	
0x9FC01550	0x70000000  NOP	
0x9FC01554	0x70000000  NOP	
0x9FC01558	0x70000000  NOP	
0x9FC0155C	0x70000000  NOP	
0x9FC01560	0x0B4003CC  J	_main
0x9FC01564	0x70000000  NOP	
0x9FC01568	0x70000000  NOP	
0x9FC0156C	0x70000000  NOP	
0x9FC01570	0x70000000  NOP	
0x9FC01574	0x70000000  NOP	
0x9FC01578	0x70000000  NOP	
0x9FC0157C	0x70000000  NOP	
0x9FC01580	0x0B4003CC  J	_main
0x9FC01584	0x70000000  NOP	
0x9FC01588	0x70000000  NOP	
0x9FC0158C	0x70000000  NOP	
0x9FC01590	0x70000000  NOP	
0x9FC01594	0x70000000  NOP	
0x9FC01598	0x70000000  NOP	
0x9FC0159C	0x70000000  NOP	
0x9FC015A0	0x0B4003CC  J	_main
0x9FC015A4	0x70000000  NOP	
0x9FC015A8	0x70000000  NOP	
0x9FC015AC	0x70000000  NOP	
0x9FC015B0	0x70000000  NOP	
0x9FC015B4	0x70000000  NOP	
0x9FC015B8	0x70000000  NOP	
0x9FC015BC	0x70000000  NOP	
0x9FC015C0	0x0B4003CC  J	_main
0x9FC015C4	0x70000000  NOP	
0x9FC015C8	0x70000000  NOP	
0x9FC015CC	0x70000000  NOP	
0x9FC015D0	0x70000000  NOP	
0x9FC015D4	0x70000000  NOP	
0x9FC015D8	0x70000000  NOP	
0x9FC015DC	0x70000000  NOP	
0x9FC015E0	0x0B4003CC  J	_main
0x9FC015E4	0x70000000  NOP	
0x9FC015E8	0x70000000  NOP	
0x9FC015EC	0x70000000  NOP	
0x9FC015F0	0x70000000  NOP	
0x9FC015F4	0x70000000  NOP	
0x9FC015F8	0x70000000  NOP	
0x9FC015FC	0x70000000  NOP	
0x9FC01600	0x0B4003CC  J	_main
0x9FC01604	0x70000000  NOP	
0x9FC01608	0x70000000  NOP	
0x9FC0160C	0x70000000  NOP	
0x9FC01610	0x70000000  NOP	
0x9FC01614	0x70000000  NOP	
0x9FC01618	0x70000000  NOP	
0x9FC0161C	0x70000000  NOP	
0x9FC01620	0x0B4003CC  J	_main
0x9FC01624	0x70000000  NOP	
0x9FC01628	0x70000000  NOP	
0x9FC0162C	0x70000000  NOP	
0x9FC01630	0x70000000  NOP	
0x9FC01634	0x70000000  NOP	
0x9FC01638	0x70000000  NOP	
0x9FC0163C	0x70000000  NOP	
0x9FC01640	0x0B4003CC  J	_main
0x9FC01644	0x70000000  NOP	
0x9FC01648	0x70000000  NOP	
0x9FC0164C	0x70000000  NOP	
0x9FC01650	0x70000000  NOP	
0x9FC01654	0x70000000  NOP	
0x9FC01658	0x70000000  NOP	
0x9FC0165C	0x70000000  NOP	
0x9FC01660	0x0B4003CC  J	_main
0x9FC01664	0x70000000  NOP	
0x9FC01668	0x70000000  NOP	
0x9FC0166C	0x70000000  NOP	
0x9FC01670	0x70000000  NOP	
0x9FC01674	0x70000000  NOP	
0x9FC01678	0x70000000  NOP	
0x9FC0167C	0x70000000  NOP	
0x9FC01680	0x0B4003CC  J	_main
0x9FC01684	0x70000000  NOP	
0x9FC01688	0x70000000  NOP	
0x9FC0168C	0x70000000  NOP	
0x9FC01690	0x70000000  NOP	
0x9FC01694	0x70000000  NOP	
0x9FC01698	0x70000000  NOP	
0x9FC0169C	0x70000000  NOP	
0x9FC016A0	0x0B4003CC  J	_main
0x9FC016A4	0x70000000  NOP	
0x9FC016A8	0x70000000  NOP	
0x9FC016AC	0x70000000  NOP	
0x9FC016B0	0x70000000  NOP	
0x9FC016B4	0x70000000  NOP	
0x9FC016B8	0x70000000  NOP	
0x9FC016BC	0x70000000  NOP	
0x9FC016C0	0x0B4003CC  J	_main
0x9FC016C4	0x70000000  NOP	
0x9FC016C8	0x70000000  NOP	
0x9FC016CC	0x70000000  NOP	
0x9FC016D0	0x70000000  NOP	
0x9FC016D4	0x70000000  NOP	
0x9FC016D8	0x70000000  NOP	
0x9FC016DC	0x70000000  NOP	
0x9FC016E0	0x0B4003CC  J	_main
0x9FC016E4	0x70000000  NOP	
0x9FC016E8	0x70000000  NOP	
0x9FC016EC	0x70000000  NOP	
0x9FC016F0	0x70000000  NOP	
0x9FC016F4	0x70000000  NOP	
0x9FC016F8	0x70000000  NOP	
0x9FC016FC	0x70000000  NOP	
0x9FC01700	0x0B4003CC  J	_main
0x9FC01704	0x70000000  NOP	
0x9FC01708	0x70000000  NOP	
0x9FC0170C	0x70000000  NOP	
0x9FC01710	0x70000000  NOP	
0x9FC01714	0x70000000  NOP	
0x9FC01718	0x70000000  NOP	
0x9FC0171C	0x70000000  NOP	
0x9FC01720	0x0B4003CC  J	_main
0x9FC01724	0x70000000  NOP	
0x9FC01728	0x70000000  NOP	
0x9FC0172C	0x70000000  NOP	
0x9FC01730	0x70000000  NOP	
0x9FC01734	0x70000000  NOP	
0x9FC01738	0x70000000  NOP	
0x9FC0173C	0x70000000  NOP	
0x9FC01740	0x0B4003CC  J	_main
0x9FC01744	0x70000000  NOP	
0x9FC01748	0x70000000  NOP	
0x9FC0174C	0x70000000  NOP	
0x9FC01750	0x70000000  NOP	
0x9FC01754	0x70000000  NOP	
0x9FC01758	0x70000000  NOP	
0x9FC0175C	0x70000000  NOP	
0x9FC01760	0x0B4003CC  J	_main
0x9FC01764	0x70000000  NOP	
0x9FC01768	0x70000000  NOP	
0x9FC0176C	0x70000000  NOP	
0x9FC01770	0x70000000  NOP	
0x9FC01774	0x70000000  NOP	
0x9FC01778	0x70000000  NOP	
0x9FC0177C	0x70000000  NOP	
0x9FC01780	0x0B4003CC  J	_main
0x9FC01784	0x70000000  NOP	
0x9FC01788	0x70000000  NOP	
0x9FC0178C	0x70000000  NOP	
0x9FC01790	0x70000000  NOP	
0x9FC01794	0x70000000  NOP	
0x9FC01798	0x70000000  NOP	
0x9FC0179C	0x70000000  NOP	
0x9FC017A0	0x0B4003CC  J	_main
0x9FC017A4	0x70000000  NOP	
0x9FC017A8	0x70000000  NOP	
0x9FC017AC	0x70000000  NOP	
0x9FC017B0	0x70000000  NOP	
0x9FC017B4	0x70000000  NOP	
0x9FC017B8	0x70000000  NOP	
0x9FC017BC	0x70000000  NOP	
0x9FC017C0	0x0B4003CC  J	_main
0x9FC017C4	0x70000000  NOP	
0x9FC017C8	0x70000000  NOP	
0x9FC017CC	0x70000000  NOP	
0x9FC017D0	0x70000000  NOP	
0x9FC017D4	0x70000000  NOP	
0x9FC017D8	0x70000000  NOP	
0x9FC017DC	0x70000000  NOP	
0x9FC017E0	0x0B4003CC  J	_main
0x9FC017E4	0x70000000  NOP	
0x9FC017E8	0x70000000  NOP	
0x9FC017EC	0x70000000  NOP	
0x9FC017F0	0x70000000  NOP	
0x9FC017F4	0x70000000  NOP	
0x9FC017F8	0x70000000  NOP	
0x9FC017FC	0x70000000  NOP	
0x9FC01800	0x0B4003CC  J	_main
0x9FC01804	0x70000000  NOP	
0x9FC01808	0x70000000  NOP	
0x9FC0180C	0x70000000  NOP	
0x9FC01810	0x70000000  NOP	
0x9FC01814	0x70000000  NOP	
0x9FC01818	0x70000000  NOP	
0x9FC0181C	0x70000000  NOP	
0x9FC01820	0x0B4003CC  J	_main
0x9FC01824	0x70000000  NOP	
0x9FC01828	0x70000000  NOP	
0x9FC0182C	0x70000000  NOP	
0x9FC01830	0x70000000  NOP	
0x9FC01834	0x70000000  NOP	
0x9FC01838	0x70000000  NOP	
0x9FC0183C	0x70000000  NOP	
0x9FC01840	0x0B4003CC  J	_main
0x9FC01844	0x70000000  NOP	
0x9FC01848	0x70000000  NOP	
0x9FC0184C	0x70000000  NOP	
0x9FC01850	0x70000000  NOP	
0x9FC01854	0x70000000  NOP	
0x9FC01858	0x70000000  NOP	
0x9FC0185C	0x70000000  NOP	
0x9FC01860	0x0B4003CC  J	_main
0x9FC01864	0x70000000  NOP	
; end of ____SysVT
____BootVT:
0xBFC00380	0x3C1E9D00  LUI	R30, 40192
0xBFC00384	0x37DE0FC8  ORI	R30, R30, 4040
0xBFC00388	0x03C00008  JR	R30
0xBFC0038C	0x70000000  NOP	
; end of ____BootVT
_main:
;MENU_LCD_Main.c, 41 :: 		void main() {
0x9D000F30	0x0F4004CF  JAL	2634027836
0x9D000F34	0x70000000  NOP	
0x9D000F38	0x0F400492  JAL	2634027592
0x9D000F3C	0x70000000  NOP	
;MENU_LCD_Main.c, 43 :: 		AD_Init();               //Configura pinos IO como Digitais
0x9D000F40	0x0F40027A  JAL	_AD_Init+0
0x9D000F44	0x70000000  NOP	
;MENU_LCD_Main.c, 44 :: 		Delay_ms(100);           //Estabilizar tensões do circuito
0x9D000F48	0x3C180018  LUI	R24, 24
0x9D000F4C	0x371869FF  ORI	R24, R24, 27135
L_main0:
0x9D000F50	0x2718FFFF  ADDIU	R24, R24, -1
0x9D000F54	0x1700FFFE  BNE	R24, R0, L_main0
0x9D000F58	0x70000000  NOP	
0x9D000F5C	0x70000000  NOP	
;MENU_LCD_Main.c, 45 :: 		Lcd_Inicialize();        //Iniciliza o LCD
0x9D000F60	0x0F400287  JAL	_Lcd_Inicialize+0
0x9D000F64	0x70000000  NOP	
;MENU_LCD_Main.c, 46 :: 		UART2_Init(9600);        //Iniciliza UART 2 p/ Testar Menu
0x9D000F68	0x0F400379  JAL	_UART2_Init+0
0x9D000F6C	0x34192580  ORI	R25, R0, 9600
;MENU_LCD_Main.c, 47 :: 		TimerKeyboard_Init();    //Inicializar o Timer 4 p/ Leitura das Teclas
0x9D000F70	0x0F4003B3  JAL	_TimerKeyboard_Init+0
0x9D000F74	0x70000000  NOP	
;MENU_LCD_Main.c, 48 :: 		EnableInterrupts();      //Habilitação Global de Interupçoes.
0x9D000F78	0x417E6020  EI	R30
;MENU_LCD_Main.c, 50 :: 		Lcd_Out(1,3,"Marcio");
0x9D000F7C	0x3C1BA000  LUI	R27, hi_addr(?lstr1_MENU_LCD_Main+0)
0x9D000F80	0x377B006F  ORI	R27, R27, lo_addr(?lstr1_MENU_LCD_Main+0)
0x9D000F84	0x341A0003  ORI	R26, R0, 3
0x9D000F88	0x0F400329  JAL	_Lcd_Out+0
0x9D000F8C	0x34190001  ORI	R25, R0, 1
;MENU_LCD_Main.c, 51 :: 		Delay_ms(1000);
0x9D000F90	0x3C1800F4  LUI	R24, 244
0x9D000F94	0x371823FF  ORI	R24, R24, 9215
L_main2:
0x9D000F98	0x2718FFFF  ADDIU	R24, R24, -1
0x9D000F9C	0x1700FFFE  BNE	R24, R0, L_main2
0x9D000FA0	0x70000000  NOP	
0x9D000FA4	0x70000000  NOP	
;MENU_LCD_Main.c, 54 :: 		Menu_init();
0x9D000FA8	0x0F400367  JAL	_Menu_init+0
0x9D000FAC	0x70000000  NOP	
;MENU_LCD_Main.c, 58 :: 		while(1) {
L_main4:
;MENU_LCD_Main.c, 60 :: 		Menu_main();
0x9D000FB0	0x0F4002AF  JAL	_Menu_main+0
0x9D000FB4	0x70000000  NOP	
;MENU_LCD_Main.c, 63 :: 		}
0x9D000FB8	0x0B4003EC  J	L_main4
0x9D000FBC	0x70000000  NOP	
;MENU_LCD_Main.c, 68 :: 		}
L_end_main:
L__main_end_loop:
0x9D000FC0	0x0B4003F0  J	L__main_end_loop
0x9D000FC4	0x70000000  NOP	
; end of _main
___CC2DW:
;__Lib_System.c, 4 :: 		
0x9D0009A8	0x27BDFFFC  ADDIU	SP, SP, -4
;__Lib_System.c, 6 :: 		
L_loopDW:
;__Lib_System.c, 7 :: 		
0x9D0009AC	0x831E0000  LB	R30, 0(R24)
;__Lib_System.c, 8 :: 		
0x9D0009B0	0xA2FE0000  SB	R30, 0(R23)
;__Lib_System.c, 9 :: 		
0x9D0009B4	0x26F70001  ADDIU	R23, R23, 1
;__Lib_System.c, 10 :: 		
0x9D0009B8	0x16F6FFFC  BNE	R23, R22, L_loopDW
;__Lib_System.c, 11 :: 		
0x9D0009BC	0x27180001  ADDIU	R24, R24, 1
;__Lib_System.c, 13 :: 		
L_end___CC2DW:
0x9D0009C0	0x03E00008  JR	RA
0x9D0009C4	0x27BD0004  ADDIU	SP, SP, 4
; end of ___CC2DW
___FillZeros:
;__Lib_System.c, 161 :: 		
0x9D0009C8	0x27BDFFFC  ADDIU	SP, SP, -4
;__Lib_System.c, 163 :: 		
L___FillZeros0:
;__Lib_System.c, 164 :: 		
0x9D0009CC	0x12F60004  BEQ	R23, R22, L___FillZeros1
;__Lib_System.c, 165 :: 		
0x9D0009D0	0x70000000  NOP	
;__Lib_System.c, 166 :: 		
L____FillZeros4:
;__Lib_System.c, 167 :: 		
0x9D0009D4	0xAEE00000  SW	R0, 0(R23)
;__Lib_System.c, 168 :: 		
0x9D0009D8	0x0B400273  J	L___FillZeros0
;__Lib_System.c, 169 :: 		
0x9D0009DC	0x26F70004  ADDIU	R23, R23, 4
;__Lib_System.c, 170 :: 		
L___FillZeros1:
;__Lib_System.c, 172 :: 		
L_end___FillZeros:
0x9D0009E0	0x03E00008  JR	RA
0x9D0009E4	0x27BD0004  ADDIU	SP, SP, 4
; end of ___FillZeros
_AD_Init:
;MENU_LCD_Main.c, 75 :: 		void AD_Init()
;MENU_LCD_Main.c, 78 :: 		AD1PCFG = 0xFFFF;   // Initialize AN pins as digital
0x9D0009E8	0x3402FFFF  ORI	R2, R0, 65535
0x9D0009EC	0x3C1EBF81  LUI	R30, 49025
0x9D0009F0	0xAFC29060  SW	R2, -28576(R30)
;MENU_LCD_Main.c, 79 :: 		JTAGEN_bit = 0;     // Desabilita JTAG
0x9D0009F4	0x3C1EBF81  LUI	R30, 49025
0x9D0009F8	0x83C2F200  LB	R2, -3584(R30)
0x9D0009FC	0x7C0218C4  INS	R2, R0, 3, 1
0x9D000A00	0x3C1EBF81  LUI	R30, 49025
0x9D000A04	0xA3C2F200  SB	R2, -3584(R30)
;MENU_LCD_Main.c, 80 :: 		WDTCLR_bit = 1;     //Zera flag watch dog timer
0x9D000A08	0x34020001  ORI	R2, R0, 0x0001
0x9D000A0C	0x3C1EBF80  LUI	R30, 49024
0x9D000A10	0xA3C20008  SB	R2, 8(R30)
;MENU_LCD_Main.c, 82 :: 		}
L_end_AD_Init:
0x9D000A14	0x03E00008  JR	RA
0x9D000A18	0x70000000  NOP	
; end of _AD_Init
_Lcd_Inicialize:
;LCD.c, 12 :: 		void Lcd_Inicialize()
0x9D000A1C	0x27BDFFF8  ADDIU	SP, SP, -8
0x9D000A20	0xAFBF0000  SW	RA, 0(SP)
;LCD.c, 15 :: 		Lcd_Init();
0x9D000A24	0x0F400124  JAL	_Lcd_Init+0
0x9D000A28	0xAFB90004  SW	R25, 4(SP)
;LCD.c, 17 :: 		LCD_BACK_Direction = 0;
0x9D000A2C	0x34020010  ORI	R2, R0, 0x0010
0x9D000A30	0x3C1EBF88  LUI	R30, 49032
0x9D000A34	0xA3C26084  SB	R2, 24708(R30)
;LCD.c, 19 :: 		LCD_BACK = LCD_BACK_ON;
0x9D000A38	0x34020010  ORI	R2, R0, 0x0010
0x9D000A3C	0x3C1EBF88  LUI	R30, 49032
0x9D000A40	0xA3C26098  SB	R2, 24728(R30)
;LCD.c, 21 :: 		Lcd_Cmd(_LCD_CURSOR_OFF);
0x9D000A44	0x0F40020D  JAL	_Lcd_Cmd+0
0x9D000A48	0x3419000C  ORI	R25, R0, 12
;LCD.c, 22 :: 		}
L_end_Lcd_Inicialize:
0x9D000A4C	0x8FB90004  LW	R25, 4(SP)
0x9D000A50	0x8FBF0000  LW	RA, 0(SP)
0x9D000A54	0x03E00008  JR	RA
0x9D000A58	0x27BD0008  ADDIU	SP, SP, 8
; end of _Lcd_Inicialize
_Lcd_Init:
;__Lib_Lcd.c, 84 :: 		
0x9D000490	0x27BDFFFC  ADDIU	SP, SP, -4
0x9D000494	0xAFBF0000  SW	RA, 0(SP)
;__Lib_Lcd.c, 86 :: 		
0x9D000498	0x34020004  ORI	R2, R0, 0x0004
0x9D00049C	0x3C1EBF88  LUI	R30, 49032
0x9D0004A0	0xA3C260A4  SB	R2, 24740(R30)
;__Lib_Lcd.c, 87 :: 		
0x9D0004A4	0x34020008  ORI	R2, R0, 0x0008
0x9D0004A8	0x3C1EBF88  LUI	R30, 49032
0x9D0004AC	0xA3C260A4  SB	R2, 24740(R30)
;__Lib_Lcd.c, 88 :: 		
0x9D0004B0	0x34020020  ORI	R2, R0, 0x0020
0x9D0004B4	0x3C1EBF88  LUI	R30, 49032
0x9D0004B8	0xA3C26124  SB	R2, 24868(R30)
;__Lib_Lcd.c, 89 :: 		
0x9D0004BC	0x34020040  ORI	R2, R0, 0x0040
0x9D0004C0	0x3C1EBF88  LUI	R30, 49032
0x9D0004C4	0xA3C26124  SB	R2, 24868(R30)
;__Lib_Lcd.c, 90 :: 		
0x9D0004C8	0x34020080  ORI	R2, R0, 0x0080
0x9D0004CC	0x3C1EBF88  LUI	R30, 49032
0x9D0004D0	0xA3C26124  SB	R2, 24868(R30)
;__Lib_Lcd.c, 91 :: 		
0x9D0004D4	0x34020002  ORI	R2, R0, 0x0002
0x9D0004D8	0x3C1EBF88  LUI	R30, 49032
0x9D0004DC	0xA3C260A4  SB	R2, 24740(R30)
;__Lib_Lcd.c, 93 :: 		
0x9D0004E0	0x34020004  ORI	R2, R0, 0x0004
0x9D0004E4	0x3C1EBF88  LUI	R30, 49032
0x9D0004E8	0xA3C26084  SB	R2, 24708(R30)
;__Lib_Lcd.c, 94 :: 		
0x9D0004EC	0x34020008  ORI	R2, R0, 0x0008
0x9D0004F0	0x3C1EBF88  LUI	R30, 49032
0x9D0004F4	0xA3C26084  SB	R2, 24708(R30)
;__Lib_Lcd.c, 95 :: 		
0x9D0004F8	0x34020002  ORI	R2, R0, 0x0002
0x9D0004FC	0x3C1EBF88  LUI	R30, 49032
0x9D000500	0xA3C26084  SB	R2, 24708(R30)
;__Lib_Lcd.c, 96 :: 		
0x9D000504	0x34020080  ORI	R2, R0, 0x0080
0x9D000508	0x3C1EBF88  LUI	R30, 49032
0x9D00050C	0xA3C26104  SB	R2, 24836(R30)
;__Lib_Lcd.c, 97 :: 		
0x9D000510	0x34020040  ORI	R2, R0, 0x0040
0x9D000514	0x3C1EBF88  LUI	R30, 49032
0x9D000518	0xA3C26104  SB	R2, 24836(R30)
;__Lib_Lcd.c, 98 :: 		
0x9D00051C	0x34020020  ORI	R2, R0, 0x0020
0x9D000520	0x3C1EBF88  LUI	R30, 49032
;__Lib_Lcd.c, 100 :: 		
0x9D000524	0x0F400076  JAL	_Delay_5500us+0
0x9D000528	0xA3C26104  SB	R2, 24836(R30)
;__Lib_Lcd.c, 101 :: 		
0x9D00052C	0x0F400076  JAL	_Delay_5500us+0
0x9D000530	0x70000000  NOP	
;__Lib_Lcd.c, 102 :: 		
0x9D000534	0x0F400076  JAL	_Delay_5500us+0
0x9D000538	0x70000000  NOP	
;__Lib_Lcd.c, 105 :: 		
0x9D00053C	0x34020080  ORI	R2, R0, 0x0080
0x9D000540	0x3C1EBF88  LUI	R30, 49032
0x9D000544	0xA3C26128  SB	R2, 24872(R30)
;__Lib_Lcd.c, 106 :: 		
0x9D000548	0x34020002  ORI	R2, R0, 0x0002
0x9D00054C	0x3C1EBF88  LUI	R30, 49032
0x9D000550	0xA3C260A8  SB	R2, 24744(R30)
;__Lib_Lcd.c, 107 :: 		
0x9D000554	0x34020004  ORI	R2, R0, 0x0004
0x9D000558	0x3C1EBF88  LUI	R30, 49032
;__Lib_Lcd.c, 108 :: 		
0x9D00055C	0x0F400041  JAL	_Delay_1us+0
0x9D000560	0xA3C260A8  SB	R2, 24744(R30)
;__Lib_Lcd.c, 109 :: 		
0x9D000564	0x34020004  ORI	R2, R0, 0x0004
0x9D000568	0x3C1EBF88  LUI	R30, 49032
;__Lib_Lcd.c, 110 :: 		
0x9D00056C	0x0F400076  JAL	_Delay_5500us+0
0x9D000570	0xA3C260A4  SB	R2, 24740(R30)
;__Lib_Lcd.c, 112 :: 		
0x9D000574	0x34020004  ORI	R2, R0, 0x0004
0x9D000578	0x3C1EBF88  LUI	R30, 49032
;__Lib_Lcd.c, 113 :: 		
0x9D00057C	0x0F400041  JAL	_Delay_1us+0
0x9D000580	0xA3C260A8  SB	R2, 24744(R30)
;__Lib_Lcd.c, 114 :: 		
0x9D000584	0x34020004  ORI	R2, R0, 0x0004
0x9D000588	0x3C1EBF88  LUI	R30, 49032
;__Lib_Lcd.c, 115 :: 		
0x9D00058C	0x0F400076  JAL	_Delay_5500us+0
0x9D000590	0xA3C260A4  SB	R2, 24740(R30)
;__Lib_Lcd.c, 117 :: 		
0x9D000594	0x34020004  ORI	R2, R0, 0x0004
0x9D000598	0x3C1EBF88  LUI	R30, 49032
;__Lib_Lcd.c, 118 :: 		
0x9D00059C	0x0F400041  JAL	_Delay_1us+0
0x9D0005A0	0xA3C260A8  SB	R2, 24744(R30)
;__Lib_Lcd.c, 119 :: 		
0x9D0005A4	0x34020004  ORI	R2, R0, 0x0004
0x9D0005A8	0x3C1EBF88  LUI	R30, 49032
;__Lib_Lcd.c, 120 :: 		
0x9D0005AC	0x0F400076  JAL	_Delay_5500us+0
0x9D0005B0	0xA3C260A4  SB	R2, 24740(R30)
;__Lib_Lcd.c, 123 :: 		
0x9D0005B4	0x34020002  ORI	R2, R0, 0x0002
0x9D0005B8	0x3C1EBF88  LUI	R30, 49032
0x9D0005BC	0xA3C260A4  SB	R2, 24740(R30)
;__Lib_Lcd.c, 124 :: 		
0x9D0005C0	0x34020004  ORI	R2, R0, 0x0004
0x9D0005C4	0x3C1EBF88  LUI	R30, 49032
;__Lib_Lcd.c, 125 :: 		
0x9D0005C8	0x0F400041  JAL	_Delay_1us+0
0x9D0005CC	0xA3C260A8  SB	R2, 24744(R30)
;__Lib_Lcd.c, 126 :: 		
0x9D0005D0	0x34020004  ORI	R2, R0, 0x0004
0x9D0005D4	0x3C1EBF88  LUI	R30, 49032
;__Lib_Lcd.c, 127 :: 		
0x9D0005D8	0x0F400076  JAL	_Delay_5500us+0
0x9D0005DC	0xA3C260A4  SB	R2, 24740(R30)
;__Lib_Lcd.c, 130 :: 		
0x9D0005E0	0x34020004  ORI	R2, R0, 0x0004
0x9D0005E4	0x3C1EBF88  LUI	R30, 49032
;__Lib_Lcd.c, 131 :: 		
0x9D0005E8	0x0F400041  JAL	_Delay_1us+0
0x9D0005EC	0xA3C260A8  SB	R2, 24744(R30)
;__Lib_Lcd.c, 132 :: 		
0x9D0005F0	0x34020004  ORI	R2, R0, 0x0004
0x9D0005F4	0x3C1EBF88  LUI	R30, 49032
0x9D0005F8	0xA3C260A4  SB	R2, 24740(R30)
;__Lib_Lcd.c, 134 :: 		
0x9D0005FC	0x34020080  ORI	R2, R0, 0x0080
0x9D000600	0x3C1EBF88  LUI	R30, 49032
0x9D000604	0xA3C26124  SB	R2, 24868(R30)
;__Lib_Lcd.c, 135 :: 		
0x9D000608	0x34020020  ORI	R2, R0, 0x0020
0x9D00060C	0x3C1EBF88  LUI	R30, 49032
0x9D000610	0xA3C26128  SB	R2, 24872(R30)
;__Lib_Lcd.c, 136 :: 		
0x9D000614	0x34020004  ORI	R2, R0, 0x0004
0x9D000618	0x3C1EBF88  LUI	R30, 49032
;__Lib_Lcd.c, 137 :: 		
0x9D00061C	0x0F400041  JAL	_Delay_1us+0
0x9D000620	0xA3C260A8  SB	R2, 24744(R30)
;__Lib_Lcd.c, 138 :: 		
0x9D000624	0x34020004  ORI	R2, R0, 0x0004
0x9D000628	0x3C1EBF88  LUI	R30, 49032
;__Lib_Lcd.c, 139 :: 		
0x9D00062C	0x0F400076  JAL	_Delay_5500us+0
0x9D000630	0xA3C260A4  SB	R2, 24740(R30)
;__Lib_Lcd.c, 142 :: 		
0x9D000634	0x34020020  ORI	R2, R0, 0x0020
0x9D000638	0x3C1EBF88  LUI	R30, 49032
0x9D00063C	0xA3C26124  SB	R2, 24868(R30)
;__Lib_Lcd.c, 143 :: 		
0x9D000640	0x34020002  ORI	R2, R0, 0x0002
0x9D000644	0x3C1EBF88  LUI	R30, 49032
0x9D000648	0xA3C260A8  SB	R2, 24744(R30)
;__Lib_Lcd.c, 144 :: 		
0x9D00064C	0x34020004  ORI	R2, R0, 0x0004
0x9D000650	0x3C1EBF88  LUI	R30, 49032
;__Lib_Lcd.c, 145 :: 		
0x9D000654	0x0F400041  JAL	_Delay_1us+0
0x9D000658	0xA3C260A8  SB	R2, 24744(R30)
;__Lib_Lcd.c, 146 :: 		
0x9D00065C	0x34020004  ORI	R2, R0, 0x0004
0x9D000660	0x3C1EBF88  LUI	R30, 49032
0x9D000664	0xA3C260A4  SB	R2, 24740(R30)
;__Lib_Lcd.c, 148 :: 		
0x9D000668	0x34020002  ORI	R2, R0, 0x0002
0x9D00066C	0x3C1EBF88  LUI	R30, 49032
0x9D000670	0xA3C260A4  SB	R2, 24740(R30)
;__Lib_Lcd.c, 149 :: 		
0x9D000674	0x34020004  ORI	R2, R0, 0x0004
0x9D000678	0x3C1EBF88  LUI	R30, 49032
;__Lib_Lcd.c, 150 :: 		
0x9D00067C	0x0F400041  JAL	_Delay_1us+0
0x9D000680	0xA3C260A8  SB	R2, 24744(R30)
;__Lib_Lcd.c, 151 :: 		
0x9D000684	0x34020004  ORI	R2, R0, 0x0004
0x9D000688	0x3C1EBF88  LUI	R30, 49032
;__Lib_Lcd.c, 152 :: 		
0x9D00068C	0x0F400076  JAL	_Delay_5500us+0
0x9D000690	0xA3C260A4  SB	R2, 24740(R30)
;__Lib_Lcd.c, 155 :: 		
0x9D000694	0x34020004  ORI	R2, R0, 0x0004
0x9D000698	0x3C1EBF88  LUI	R30, 49032
;__Lib_Lcd.c, 156 :: 		
0x9D00069C	0x0F400041  JAL	_Delay_1us+0
0x9D0006A0	0xA3C260A8  SB	R2, 24744(R30)
;__Lib_Lcd.c, 157 :: 		
0x9D0006A4	0x34020004  ORI	R2, R0, 0x0004
0x9D0006A8	0x3C1EBF88  LUI	R30, 49032
0x9D0006AC	0xA3C260A4  SB	R2, 24740(R30)
;__Lib_Lcd.c, 159 :: 		
0x9D0006B0	0x34020002  ORI	R2, R0, 0x0002
0x9D0006B4	0x3C1EBF88  LUI	R30, 49032
0x9D0006B8	0xA3C260A8  SB	R2, 24744(R30)
;__Lib_Lcd.c, 160 :: 		
0x9D0006BC	0x34020004  ORI	R2, R0, 0x0004
0x9D0006C0	0x3C1EBF88  LUI	R30, 49032
;__Lib_Lcd.c, 161 :: 		
0x9D0006C4	0x0F400041  JAL	_Delay_1us+0
0x9D0006C8	0xA3C260A8  SB	R2, 24744(R30)
;__Lib_Lcd.c, 162 :: 		
0x9D0006CC	0x34020004  ORI	R2, R0, 0x0004
0x9D0006D0	0x3C1EBF88  LUI	R30, 49032
;__Lib_Lcd.c, 163 :: 		
0x9D0006D4	0x0F400076  JAL	_Delay_5500us+0
0x9D0006D8	0xA3C260A4  SB	R2, 24740(R30)
;__Lib_Lcd.c, 166 :: 		
0x9D0006DC	0x34020002  ORI	R2, R0, 0x0002
0x9D0006E0	0x3C1EBF88  LUI	R30, 49032
0x9D0006E4	0xA3C260A4  SB	R2, 24740(R30)
;__Lib_Lcd.c, 167 :: 		
0x9D0006E8	0x34020004  ORI	R2, R0, 0x0004
0x9D0006EC	0x3C1EBF88  LUI	R30, 49032
;__Lib_Lcd.c, 168 :: 		
0x9D0006F0	0x0F400041  JAL	_Delay_1us+0
0x9D0006F4	0xA3C260A8  SB	R2, 24744(R30)
;__Lib_Lcd.c, 169 :: 		
0x9D0006F8	0x34020004  ORI	R2, R0, 0x0004
0x9D0006FC	0x3C1EBF88  LUI	R30, 49032
0x9D000700	0xA3C260A4  SB	R2, 24740(R30)
;__Lib_Lcd.c, 171 :: 		
0x9D000704	0x34020020  ORI	R2, R0, 0x0020
0x9D000708	0x3C1EBF88  LUI	R30, 49032
0x9D00070C	0xA3C26128  SB	R2, 24872(R30)
;__Lib_Lcd.c, 172 :: 		
0x9D000710	0x34020040  ORI	R2, R0, 0x0040
0x9D000714	0x3C1EBF88  LUI	R30, 49032
0x9D000718	0xA3C26128  SB	R2, 24872(R30)
;__Lib_Lcd.c, 173 :: 		
0x9D00071C	0x34020080  ORI	R2, R0, 0x0080
0x9D000720	0x3C1EBF88  LUI	R30, 49032
0x9D000724	0xA3C26128  SB	R2, 24872(R30)
;__Lib_Lcd.c, 174 :: 		
0x9D000728	0x34020002  ORI	R2, R0, 0x0002
0x9D00072C	0x3C1EBF88  LUI	R30, 49032
0x9D000730	0xA3C260A8  SB	R2, 24744(R30)
;__Lib_Lcd.c, 175 :: 		
0x9D000734	0x34020004  ORI	R2, R0, 0x0004
0x9D000738	0x3C1EBF88  LUI	R30, 49032
;__Lib_Lcd.c, 176 :: 		
0x9D00073C	0x0F400041  JAL	_Delay_1us+0
0x9D000740	0xA3C260A8  SB	R2, 24744(R30)
;__Lib_Lcd.c, 177 :: 		
0x9D000744	0x34020004  ORI	R2, R0, 0x0004
0x9D000748	0x3C1EBF88  LUI	R30, 49032
;__Lib_Lcd.c, 179 :: 		
0x9D00074C	0x0F400076  JAL	_Delay_5500us+0
0x9D000750	0xA3C260A4  SB	R2, 24740(R30)
;__Lib_Lcd.c, 181 :: 		
0x9D000754	0x90228093  LBU	R2, Offset(__Lib_Lcd_cmd_status+0)(GP)
0x9D000758	0x34420001  ORI	R2, R2, 0x0001
0x9D00075C	0xA0228093  SB	R2, Offset(__Lib_Lcd_cmd_status+0)(GP)
;__Lib_Lcd.c, 182 :: 		
L_end_Lcd_Init:
0x9D000760	0x8FBF0000  LW	RA, 0(SP)
0x9D000764	0x03E00008  JR	RA
0x9D000768	0x27BD0004  ADDIU	SP, SP, 4
; end of _Lcd_Init
_Delay_5500us:
;__Lib_Delays.c, 30 :: 		void Delay_5500us() {
;__Lib_Delays.c, 31 :: 		Delay_us(5500);
0x9D0001D8	0x3C180001  LUI	R24, 1
0x9D0001DC	0x371857BF  ORI	R24, R24, 22463
L_Delay_5500us12:
0x9D0001E0	0x2718FFFF  ADDIU	R24, R24, -1
0x9D0001E4	0x1700FFFE  BNE	R24, R0, L_Delay_5500us12
0x9D0001E8	0x70000000  NOP	
0x9D0001EC	0x70000000  NOP	
;__Lib_Delays.c, 32 :: 		}
L_end_Delay_5500us:
0x9D0001F0	0x03E00008  JR	RA
0x9D0001F4	0x70000000  NOP	
; end of _Delay_5500us
_Delay_1us:
;__Lib_Delays.c, 6 :: 		void Delay_1us() {
;__Lib_Delays.c, 7 :: 		Delay_us(1);
0x9D000104	0x3C180000  LUI	R24, 0
0x9D000108	0x3718000F  ORI	R24, R24, 15
L_Delay_1us0:
0x9D00010C	0x2718FFFF  ADDIU	R24, R24, -1
0x9D000110	0x1700FFFE  BNE	R24, R0, L_Delay_1us0
0x9D000114	0x70000000  NOP	
0x9D000118	0x70000000  NOP	
;__Lib_Delays.c, 8 :: 		}
L_end_Delay_1us:
0x9D00011C	0x03E00008  JR	RA
0x9D000120	0x70000000  NOP	
; end of _Delay_1us
_Lcd_Cmd:
;__Lib_Lcd.c, 18 :: 		
0x9D000834	0x27BDFFFC  ADDIU	SP, SP, -4
0x9D000838	0xAFBF0000  SW	RA, 0(SP)
;__Lib_Lcd.c, 20 :: 		
0x9D00083C	0x7F2301C0  EXT	R3, R25, 7, 1
0x9D000840	0x3C1EBF88  LUI	R30, 49032
0x9D000844	0x83C26120  LB	R2, 24864(R30)
0x9D000848	0x7C622944  INS	R2, R3, 5, 1
0x9D00084C	0x3C1EBF88  LUI	R30, 49032
0x9D000850	0xA3C26120  SB	R2, 24864(R30)
;__Lib_Lcd.c, 21 :: 		
0x9D000854	0x7F230180  EXT	R3, R25, 6, 1
0x9D000858	0x3C1EBF88  LUI	R30, 49032
0x9D00085C	0x83C26120  LB	R2, 24864(R30)
0x9D000860	0x7C623184  INS	R2, R3, 6, 1
0x9D000864	0x3C1EBF88  LUI	R30, 49032
0x9D000868	0xA3C26120  SB	R2, 24864(R30)
;__Lib_Lcd.c, 22 :: 		
0x9D00086C	0x7F230140  EXT	R3, R25, 5, 1
0x9D000870	0x3C1EBF88  LUI	R30, 49032
0x9D000874	0x83C26120  LB	R2, 24864(R30)
0x9D000878	0x7C6239C4  INS	R2, R3, 7, 1
0x9D00087C	0x3C1EBF88  LUI	R30, 49032
0x9D000880	0xA3C26120  SB	R2, 24864(R30)
;__Lib_Lcd.c, 23 :: 		
0x9D000884	0x7F230100  EXT	R3, R25, 4, 1
0x9D000888	0x3C1EBF88  LUI	R30, 49032
0x9D00088C	0x83C260A0  LB	R2, 24736(R30)
0x9D000890	0x7C620844  INS	R2, R3, 1, 1
0x9D000894	0x3C1EBF88  LUI	R30, 49032
0x9D000898	0xA3C260A0  SB	R2, 24736(R30)
;__Lib_Lcd.c, 25 :: 		
0x9D00089C	0x90228093  LBU	R2, Offset(__Lib_Lcd_cmd_status+0)(GP)
0x9D0008A0	0x7C420000  EXT	R2, R2, 0, 1
0x9D0008A4	0x38430001  XORI	R3, R2, 1
0x9D0008A8	0x3C1EBF88  LUI	R30, 49032
0x9D0008AC	0x83C260A0  LB	R2, 24736(R30)
0x9D0008B0	0x7C6218C4  INS	R2, R3, 3, 1
0x9D0008B4	0x3C1EBF88  LUI	R30, 49032
0x9D0008B8	0xA3C260A0  SB	R2, 24736(R30)
;__Lib_Lcd.c, 28 :: 		
0x9D0008BC	0x34020004  ORI	R2, R0, 0x0004
0x9D0008C0	0x3C1EBF88  LUI	R30, 49032
;__Lib_Lcd.c, 29 :: 		
0x9D0008C4	0x0F400041  JAL	_Delay_1us+0
0x9D0008C8	0xA3C260A8  SB	R2, 24744(R30)
;__Lib_Lcd.c, 30 :: 		
0x9D0008CC	0x34020004  ORI	R2, R0, 0x0004
0x9D0008D0	0x3C1EBF88  LUI	R30, 49032
0x9D0008D4	0xA3C260A4  SB	R2, 24740(R30)
;__Lib_Lcd.c, 33 :: 		
0x9D0008D8	0x7F2300C0  EXT	R3, R25, 3, 1
0x9D0008DC	0x3C1EBF88  LUI	R30, 49032
0x9D0008E0	0x83C26120  LB	R2, 24864(R30)
0x9D0008E4	0x7C622944  INS	R2, R3, 5, 1
0x9D0008E8	0x3C1EBF88  LUI	R30, 49032
0x9D0008EC	0xA3C26120  SB	R2, 24864(R30)
;__Lib_Lcd.c, 34 :: 		
0x9D0008F0	0x7F230080  EXT	R3, R25, 2, 1
0x9D0008F4	0x3C1EBF88  LUI	R30, 49032
0x9D0008F8	0x83C26120  LB	R2, 24864(R30)
0x9D0008FC	0x7C623184  INS	R2, R3, 6, 1
0x9D000900	0x3C1EBF88  LUI	R30, 49032
0x9D000904	0xA3C26120  SB	R2, 24864(R30)
;__Lib_Lcd.c, 35 :: 		
0x9D000908	0x7F230040  EXT	R3, R25, 1, 1
0x9D00090C	0x3C1EBF88  LUI	R30, 49032
0x9D000910	0x83C26120  LB	R2, 24864(R30)
0x9D000914	0x7C6239C4  INS	R2, R3, 7, 1
0x9D000918	0x3C1EBF88  LUI	R30, 49032
0x9D00091C	0xA3C26120  SB	R2, 24864(R30)
;__Lib_Lcd.c, 36 :: 		
0x9D000920	0x7F230000  EXT	R3, R25, 0, 1
0x9D000924	0x3C1EBF88  LUI	R30, 49032
0x9D000928	0x83C260A0  LB	R2, 24736(R30)
0x9D00092C	0x7C620844  INS	R2, R3, 1, 1
0x9D000930	0x3C1EBF88  LUI	R30, 49032
0x9D000934	0xA3C260A0  SB	R2, 24736(R30)
;__Lib_Lcd.c, 38 :: 		
0x9D000938	0x90228093  LBU	R2, Offset(__Lib_Lcd_cmd_status+0)(GP)
0x9D00093C	0x7C420000  EXT	R2, R2, 0, 1
0x9D000940	0x38430001  XORI	R3, R2, 1
0x9D000944	0x3C1EBF88  LUI	R30, 49032
0x9D000948	0x83C260A0  LB	R2, 24736(R30)
0x9D00094C	0x7C6218C4  INS	R2, R3, 3, 1
0x9D000950	0x3C1EBF88  LUI	R30, 49032
0x9D000954	0xA3C260A0  SB	R2, 24736(R30)
;__Lib_Lcd.c, 40 :: 		
0x9D000958	0x34020004  ORI	R2, R0, 0x0004
0x9D00095C	0x3C1EBF88  LUI	R30, 49032
;__Lib_Lcd.c, 41 :: 		
0x9D000960	0x0F400041  JAL	_Delay_1us+0
0x9D000964	0xA3C260A8  SB	R2, 24744(R30)
;__Lib_Lcd.c, 42 :: 		
0x9D000968	0x34020004  ORI	R2, R0, 0x0004
0x9D00096C	0x3C1EBF88  LUI	R30, 49032
0x9D000970	0xA3C260A4  SB	R2, 24740(R30)
;__Lib_Lcd.c, 44 :: 		
0x9D000974	0x90228093  LBU	R2, Offset(__Lib_Lcd_cmd_status+0)(GP)
0x9D000978	0x7C420000  EXT	R2, R2, 0, 1
0x9D00097C	0x10400005  BEQ	R2, R0, L_Lcd_Cmd0
0x9D000980	0x70000000  NOP	
L__Lcd_Cmd22:
;__Lib_Lcd.c, 45 :: 		
0x9D000984	0x0F400076  JAL	_Delay_5500us+0
0x9D000988	0x70000000  NOP	
0x9D00098C	0x0B400267  J	L_Lcd_Cmd1
0x9D000990	0x70000000  NOP	
L_Lcd_Cmd0:
;__Lib_Lcd.c, 47 :: 		
0x9D000994	0x0F400049  JAL	_Delay_50us+0
0x9D000998	0x70000000  NOP	
L_Lcd_Cmd1:
;__Lib_Lcd.c, 48 :: 		
L_end_Lcd_Cmd:
0x9D00099C	0x8FBF0000  LW	RA, 0(SP)
0x9D0009A0	0x03E00008  JR	RA
0x9D0009A4	0x27BD0004  ADDIU	SP, SP, 4
; end of _Lcd_Cmd
_Delay_50us:
;__Lib_Delays.c, 18 :: 		void Delay_50us() {
;__Lib_Delays.c, 19 :: 		Delay_us(50);
0x9D000124	0x3C180000  LUI	R24, 0
0x9D000128	0x3718031F  ORI	R24, R24, 799
L_Delay_50us6:
0x9D00012C	0x2718FFFF  ADDIU	R24, R24, -1
0x9D000130	0x1700FFFE  BNE	R24, R0, L_Delay_50us6
0x9D000134	0x70000000  NOP	
0x9D000138	0x70000000  NOP	
;__Lib_Delays.c, 20 :: 		}
L_end_Delay_50us:
0x9D00013C	0x03E00008  JR	RA
0x9D000140	0x70000000  NOP	
; end of _Delay_50us
_UART2_Init:
;__Lib_UART_123456.c, 217 :: 		
0x9D000DE4	0x27BDFFEC  ADDIU	SP, SP, -20
0x9D000DE8	0xAFBF0000  SW	RA, 0(SP)
;__Lib_UART_123456.c, 220 :: 		
0x9D000DEC	0xAFB90004  SW	R25, 4(SP)
0x9D000DF0	0xAFBA0008  SW	R26, 8(SP)
0x9D000DF4	0xAFBB000C  SW	R27, 12(SP)
0x9D000DF8	0x3C029D00  LUI	R2, hi_addr(_UART2_Write+0)
0x9D000DFC	0x34420000  ORI	R2, R2, lo_addr(_UART2_Write+0)
0x9D000E00	0xAC22809C  SW	R2, Offset(_UART_Wr_Ptr+0)(GP)
;__Lib_UART_123456.c, 221 :: 		
0x9D000E04	0x3C02FFFF  LUI	R2, hi_addr(_UART2_Read+0)
0x9D000E08	0x3442FFFF  ORI	R2, R2, lo_addr(_UART2_Read+0)
0x9D000E0C	0xAC228098  SW	R2, Offset(_UART_Rd_Ptr+0)(GP)
;__Lib_UART_123456.c, 222 :: 		
0x9D000E10	0x3C02FFFF  LUI	R2, hi_addr(_UART2_Data_Ready+0)
0x9D000E14	0x3442FFFF  ORI	R2, R2, lo_addr(_UART2_Data_Ready+0)
0x9D000E18	0xAC2280A4  SW	R2, Offset(_UART_Rdy_Ptr+0)(GP)
;__Lib_UART_123456.c, 223 :: 		
0x9D000E1C	0x3C02FFFF  LUI	R2, hi_addr(_UART2_Tx_Idle+0)
0x9D000E20	0x3442FFFF  ORI	R2, R2, lo_addr(_UART2_Tx_Idle+0)
;__Lib_UART_123456.c, 225 :: 		
0x9D000E24	0x0F4001FE  JAL	_Get_Fosc_kHz+0
0x9D000E28	0xAC2280A0  SW	R2, Offset(_UART_Tx_Idle_Ptr+0)(GP)
0x9D000E2C	0xAFB90010  SW	R25, 16(SP)
0x9D000E30	0x0000D80A  MOVZ	R27, R0, R0
0x9D000E34	0x0320D00A  MOVZ	R26, R25, R0
0x9D000E38	0x0F4001DB  JAL	__Lib_UART_123456_UART_Calc_BRG+0
0x9D000E3C	0x0040C80A  MOVZ	R25, R2, R0
0x9D000E40	0x8FB90010  LW	R25, 16(SP)
; brg_tmp start address is: 16 (R4)
0x9D000E44	0x0040200A  MOVZ	R4, R2, R0
;__Lib_UART_123456.c, 226 :: 		
0x9D000E48	0x34030008  ORI	R3, R0, 8
0x9D000E4C	0x3C1EBF80  LUI	R30, 49024
;__Lib_UART_123456.c, 227 :: 		
0x9D000E50	0x1440000C  BNE	R2, R0, L__UART2_Init133
0x9D000E54	0xAFC36804  SW	R3, 26628(R30)
L__UART2_Init192:
; brg_tmp end address is: 16 (R4)
;__Lib_UART_123456.c, 228 :: 		
0x9D000E58	0x0F4001FE  JAL	_Get_Fosc_kHz+0
0x9D000E5C	0x70000000  NOP	
0x9D000E60	0x341B0001  ORI	R27, R0, 1
0x9D000E64	0x0320D00A  MOVZ	R26, R25, R0
0x9D000E68	0x0F4001DB  JAL	__Lib_UART_123456_UART_Calc_BRG+0
0x9D000E6C	0x0040C80A  MOVZ	R25, R2, R0
; brg_tmp start address is: 12 (R3)
0x9D000E70	0x0040180A  MOVZ	R3, R2, R0
;__Lib_UART_123456.c, 229 :: 		
0x9D000E74	0x34020008  ORI	R2, R0, 8
0x9D000E78	0x3C1EBF80  LUI	R30, 49024
; brg_tmp end address is: 12 (R3)
;__Lib_UART_123456.c, 230 :: 		
0x9D000E7C	0x0B4003A2  J	L_UART2_Init35
0x9D000E80	0xAFC26808  SW	R2, 26632(R30)
L__UART2_Init133:
;__Lib_UART_123456.c, 227 :: 		
0x9D000E84	0x0080180A  MOVZ	R3, R4, R0
;__Lib_UART_123456.c, 230 :: 		
L_UART2_Init35:
;__Lib_UART_123456.c, 231 :: 		
; brg_tmp start address is: 12 (R3)
0x9D000E88	0x2462FFFF  ADDIU	R2, R3, -1
; brg_tmp end address is: 12 (R3)
0x9D000E8C	0x3C1EBF80  LUI	R30, 49024
0x9D000E90	0xAFC26840  SW	R2, 26688(R30)
;__Lib_UART_123456.c, 232 :: 		
0x9D000E94	0x3C1EBF80  LUI	R30, 49024
0x9D000E98	0x8FC26800  LW	R2, 26624(R30)
0x9D000E9C	0x34428000  ORI	R2, R2, 32768
0x9D000EA0	0x3C1EBF80  LUI	R30, 49024
0x9D000EA4	0xAFC26800  SW	R2, 26624(R30)
;__Lib_UART_123456.c, 233 :: 		
0x9D000EA8	0x34021400  ORI	R2, R0, 5120
0x9D000EAC	0x3C1EBF80  LUI	R30, 49024
0x9D000EB0	0xAFC26810  SW	R2, 26640(R30)
;__Lib_UART_123456.c, 234 :: 		
L_end_UART2_Init:
0x9D000EB4	0x8FBB000C  LW	R27, 12(SP)
0x9D000EB8	0x8FBA0008  LW	R26, 8(SP)
0x9D000EBC	0x8FB90004  LW	R25, 4(SP)
0x9D000EC0	0x8FBF0000  LW	RA, 0(SP)
0x9D000EC4	0x03E00008  JR	RA
0x9D000EC8	0x27BD0014  ADDIU	SP, SP, 20
; end of _UART2_Init
_Get_Fosc_kHz:
;__Lib_Delays.c, 1 :: 		unsigned long Get_Fosc_kHz(){
;__Lib_Delays.c, 3 :: 		return Clock_kHz();
0x9D0007F8	0x3402BB80  ORI	R2, R0, 48000
;__Lib_Delays.c, 4 :: 		}
L_end_Get_Fosc_kHz:
0x9D0007FC	0x03E00008  JR	RA
0x9D000800	0x70000000  NOP	
; end of _Get_Fosc_kHz
__Lib_UART_123456_UART_Calc_BRG:
;__Lib_UART_123456.c, 19 :: 		
0x9D00076C	0x27BDFFFC  ADDIU	SP, SP, -4
;__Lib_UART_123456.c, 21 :: 		
0x9D000770	0x340203E8  ORI	R2, R0, 1000
0x9D000774	0x03220019  MULTU	R25, R2
0x9D000778	0x00001012  MFLO	R2
; tmp start address is: 12 (R3)
0x9D00077C	0x0040180A  MOVZ	R3, R2, R0
;__Lib_UART_123456.c, 23 :: 		
0x9D000780	0x3C1EBF81  LUI	R30, 49025
0x9D000784	0x8FC2F000  LW	R2, -4096(R30)
0x9D000788	0x7C420CC0  EXT	R2, R2, 19, 2
0x9D00078C	0x00431006  SRLV	R2, R3, R2
0x9D000790	0x0040180A  MOVZ	R3, R2, R0
;__Lib_UART_123456.c, 26 :: 		
0x9D000794	0x336200FF  ANDI	R2, R27, 255
0x9D000798	0x14400004  BNE	R2, R0, L___Lib_UART_123456_UART_Calc_BRG0
0x9D00079C	0x70000000  NOP	
L___Lib_UART_123456_UART_Calc_BRG149:
;__Lib_UART_123456.c, 27 :: 		
0x9D0007A0	0x001A1100  SLL	R2, R26, 4
; tmp1 start address is: 16 (R4)
; tmp1 end address is: 16 (R4)
0x9D0007A4	0x0B4001ED  J	L___Lib_UART_123456_UART_Calc_BRG1
0x9D0007A8	0x0040200A  MOVZ	R4, R2, R0
L___Lib_UART_123456_UART_Calc_BRG0:
;__Lib_UART_123456.c, 29 :: 		
0x9D0007AC	0x001A1080  SLL	R2, R26, 2
; tmp1 start address is: 16 (R4)
0x9D0007B0	0x0040200A  MOVZ	R4, R2, R0
; tmp1 end address is: 16 (R4)
L___Lib_UART_123456_UART_Calc_BRG1:
;__Lib_UART_123456.c, 31 :: 		
; tmp1 start address is: 16 (R4)
0x9D0007B4	0x0064001B  DIVU	R3, R4
0x9D0007B8	0x00001010  MFHI	R2
; tmp2 start address is: 20 (R5)
0x9D0007BC	0x0040280A  MOVZ	R5, R2, R0
;__Lib_UART_123456.c, 32 :: 		
0x9D0007C0	0x0064001B  DIVU	R3, R4
0x9D0007C4	0x00001012  MFLO	R2
0x9D0007C8	0x0040180A  MOVZ	R3, R2, R0
;__Lib_UART_123456.c, 34 :: 		
0x9D0007CC	0x00041042  SRL	R2, R4, 1
; tmp1 end address is: 16 (R4)
0x9D0007D0	0x0045102B  SLTU	R2, R2, R5
0x9D0007D4	0x10400005  BEQ	R2, R0, L___Lib_UART_123456_UART_Calc_BRG128
0x9D0007D8	0x70000000  NOP	
L___Lib_UART_123456_UART_Calc_BRG150:
; tmp2 end address is: 20 (R5)
;__Lib_UART_123456.c, 35 :: 		
0x9D0007DC	0x24620001  ADDIU	R2, R3, 1
0x9D0007E0	0x0040180A  MOVZ	R3, R2, R0
; tmp end address is: 12 (R3)
0x9D0007E4	0x0B4001FC  J	L___Lib_UART_123456_UART_Calc_BRG2
0x9D0007E8	0x0060100A  MOVZ	R2, R3, R0
L___Lib_UART_123456_UART_Calc_BRG128:
;__Lib_UART_123456.c, 34 :: 		
0x9D0007EC	0x0060100A  MOVZ	R2, R3, R0
;__Lib_UART_123456.c, 35 :: 		
L___Lib_UART_123456_UART_Calc_BRG2:
;__Lib_UART_123456.c, 37 :: 		
; tmp start address is: 8 (R2)
; tmp end address is: 8 (R2)
;__Lib_UART_123456.c, 38 :: 		
L_end_UART_Calc_BRG:
0x9D0007F0	0x03E00008  JR	RA
0x9D0007F4	0x27BD0004  ADDIU	SP, SP, 4
; end of __Lib_UART_123456_UART_Calc_BRG
_TimerKeyboard_Init:
;TIMER.c, 35 :: 		void TimerKeyboard_Init() {
;TIMER.c, 36 :: 		T4CON         = 0x8050;
0x9D000ECC	0x34028050  ORI	R2, R0, 32848
0x9D000ED0	0x3C1EBF80  LUI	R30, 49024
0x9D000ED4	0xAFC20C00  SW	R2, 3072(R30)
;TIMER.c, 37 :: 		T4IP0_bit     = 1;
0x9D000ED8	0x34020004  ORI	R2, R0, 0x0004
0x9D000EDC	0x3C1EBF88  LUI	R30, 49032
0x9D000EE0	0xA3C210D8  SB	R2, 4312(R30)
;TIMER.c, 38 :: 		T4IP1_bit     = 0;
0x9D000EE4	0x34020008  ORI	R2, R0, 0x0008
0x9D000EE8	0x3C1EBF88  LUI	R30, 49032
0x9D000EEC	0xA3C210D4  SB	R2, 4308(R30)
;TIMER.c, 39 :: 		T4IP2_bit     = 1;
0x9D000EF0	0x34020010  ORI	R2, R0, 0x0010
0x9D000EF4	0x3C1EBF88  LUI	R30, 49032
0x9D000EF8	0xA3C210D8  SB	R2, 4312(R30)
;TIMER.c, 40 :: 		T4IF_bit      = 0;
0x9D000EFC	0x34020001  ORI	R2, R0, 0x0001
0x9D000F00	0x3C1EBF88  LUI	R30, 49032
0x9D000F04	0xA3C21036  SB	R2, 4150(R30)
;TIMER.c, 41 :: 		T4IE_bit      = 1;
0x9D000F08	0x34020001  ORI	R2, R0, 0x0001
0x9D000F0C	0x3C1EBF88  LUI	R30, 49032
0x9D000F10	0xA3C2106A  SB	R2, 4202(R30)
;TIMER.c, 42 :: 		PR4           = 45000;
0x9D000F14	0x3402AFC8  ORI	R2, R0, 45000
0x9D000F18	0x3C1EBF80  LUI	R30, 49024
0x9D000F1C	0xAFC20C20  SW	R2, 3104(R30)
;TIMER.c, 43 :: 		TMR4          = 0;
0x9D000F20	0x3C1EBF80  LUI	R30, 49024
0x9D000F24	0xAFC00C10  SW	R0, 3088(R30)
;TIMER.c, 44 :: 		}
L_end_TimerKeyboard_Init:
0x9D000F28	0x03E00008  JR	RA
0x9D000F2C	0x70000000  NOP	
; end of _TimerKeyboard_Init
_Lcd_Out:
;__Lib_Lcd.c, 184 :: 		
0x9D000CA4	0x27BDFFF4  ADDIU	SP, SP, -12
0x9D000CA8	0xAFBF0000  SW	RA, 0(SP)
;__Lib_Lcd.c, 187 :: 		
0x9D000CAC	0x0B400337  J	L_Lcd_Out11
0x9D000CB0	0xAFB90004  SW	R25, 4(SP)
;__Lib_Lcd.c, 188 :: 		
L_Lcd_Out13:
0x9D000CB4	0x0B400349  J	L_Lcd_Out12
0x9D000CB8	0x34190080  ORI	R25, R0, 128
;__Lib_Lcd.c, 189 :: 		
L_Lcd_Out14:
0x9D000CBC	0x0B400349  J	L_Lcd_Out12
0x9D000CC0	0x341900C0  ORI	R25, R0, 192
;__Lib_Lcd.c, 190 :: 		
L_Lcd_Out15:
0x9D000CC4	0x0B400349  J	L_Lcd_Out12
0x9D000CC8	0x34190094  ORI	R25, R0, 148
;__Lib_Lcd.c, 191 :: 		
L_Lcd_Out16:
0x9D000CCC	0x0B400349  J	L_Lcd_Out12
0x9D000CD0	0x341900D4  ORI	R25, R0, 212
;__Lib_Lcd.c, 192 :: 		
L_Lcd_Out17:
;__Lib_Lcd.c, 193 :: 		
0x9D000CD4	0x0B400349  J	L_Lcd_Out12
0x9D000CD8	0x34190080  ORI	R25, R0, 128
L_Lcd_Out11:
0x9D000CDC	0x332300FF  ANDI	R3, R25, 255
0x9D000CE0	0x34020001  ORI	R2, R0, 1
0x9D000CE4	0x1062FFF3  BEQ	R3, R2, L_Lcd_Out13
0x9D000CE8	0x70000000  NOP	
L__Lcd_Out39:
0x9D000CEC	0x332300FF  ANDI	R3, R25, 255
0x9D000CF0	0x34020002  ORI	R2, R0, 2
0x9D000CF4	0x1062FFF1  BEQ	R3, R2, L_Lcd_Out14
0x9D000CF8	0x70000000  NOP	
L__Lcd_Out41:
0x9D000CFC	0x332300FF  ANDI	R3, R25, 255
0x9D000D00	0x34020003  ORI	R2, R0, 3
0x9D000D04	0x1062FFEF  BEQ	R3, R2, L_Lcd_Out15
0x9D000D08	0x70000000  NOP	
L__Lcd_Out43:
0x9D000D0C	0x332300FF  ANDI	R3, R25, 255
0x9D000D10	0x34020004  ORI	R2, R0, 4
0x9D000D14	0x1062FFED  BEQ	R3, R2, L_Lcd_Out16
0x9D000D18	0x70000000  NOP	
L__Lcd_Out45:
0x9D000D1C	0x0B400335  J	L_Lcd_Out17
0x9D000D20	0x70000000  NOP	
L_Lcd_Out12:
;__Lib_Lcd.c, 194 :: 		
0x9D000D24	0x2742FFFF  ADDIU	R2, R26, -1
0x9D000D28	0x03221021  ADDU	R2, R25, R2
0x9D000D2C	0x305900FF  ANDI	R25, R2, 255
;__Lib_Lcd.c, 196 :: 		
0x9D000D30	0x0F40020D  JAL	_Lcd_Cmd+0
0x9D000D34	0x305900FF  ANDI	R25, R2, 255
;__Lib_Lcd.c, 197 :: 		
0x9D000D38	0x90228093  LBU	R2, Offset(__Lib_Lcd_cmd_status+0)(GP)
0x9D000D3C	0x7C020004  INS	R2, R0, 0, 1
0x9D000D40	0xA0228093  SB	R2, Offset(__Lib_Lcd_cmd_status+0)(GP)
;__Lib_Lcd.c, 198 :: 		
; i start address is: 16 (R4)
0x9D000D44	0x0000200A  MOVZ	R4, R0, R0
; i end address is: 16 (R4)
;__Lib_Lcd.c, 199 :: 		
L_Lcd_Out18:
; i start address is: 16 (R4)
0x9D000D48	0x308200FF  ANDI	R2, R4, 255
0x9D000D4C	0x03621021  ADDU	R2, R27, R2
0x9D000D50	0x90420000  LBU	R2, 0(R2)
0x9D000D54	0x1040000A  BEQ	R2, R0, L_Lcd_Out19
0x9D000D58	0x70000000  NOP	
L__Lcd_Out47:
;__Lib_Lcd.c, 200 :: 		
0x9D000D5C	0x308200FF  ANDI	R2, R4, 255
0x9D000D60	0x03621021  ADDU	R2, R27, R2
0x9D000D64	0xA3B90008  SB	R25, 8(SP)
0x9D000D68	0x0F400201  JAL	_Lcd_Chr_CP+0
0x9D000D6C	0x90590000  LBU	R25, 0(R2)
0x9D000D70	0x93B90008  LBU	R25, 8(SP)
0x9D000D74	0x24820001  ADDIU	R2, R4, 1
; i end address is: 16 (R4)
0x9D000D78	0x0B400352  J	L_Lcd_Out18
0x9D000D7C	0x304400FF  ANDI	R4, R2, 255
L_Lcd_Out19:
;__Lib_Lcd.c, 201 :: 		
0x9D000D80	0x90228093  LBU	R2, Offset(__Lib_Lcd_cmd_status+0)(GP)
0x9D000D84	0x34420001  ORI	R2, R2, 0x0001
0x9D000D88	0xA0228093  SB	R2, Offset(__Lib_Lcd_cmd_status+0)(GP)
;__Lib_Lcd.c, 202 :: 		
L_end_Lcd_Out:
0x9D000D8C	0x8FB90004  LW	R25, 4(SP)
0x9D000D90	0x8FBF0000  LW	RA, 0(SP)
0x9D000D94	0x03E00008  JR	RA
0x9D000D98	0x27BD000C  ADDIU	SP, SP, 12
; end of _Lcd_Out
_Lcd_Chr_CP:
;__Lib_Lcd.c, 50 :: 		
0x9D000804	0x27BDFFFC  ADDIU	SP, SP, -4
0x9D000808	0xAFBF0000  SW	RA, 0(SP)
;__Lib_Lcd.c, 52 :: 		
0x9D00080C	0x90228093  LBU	R2, Offset(__Lib_Lcd_cmd_status+0)(GP)
0x9D000810	0x7C020004  INS	R2, R0, 0, 1
;__Lib_Lcd.c, 53 :: 		
0x9D000814	0x0F40020D  JAL	_Lcd_Cmd+0
0x9D000818	0xA0228093  SB	R2, Offset(__Lib_Lcd_cmd_status+0)(GP)
;__Lib_Lcd.c, 54 :: 		
0x9D00081C	0x90228093  LBU	R2, Offset(__Lib_Lcd_cmd_status+0)(GP)
0x9D000820	0x34420001  ORI	R2, R2, 0x0001
0x9D000824	0xA0228093  SB	R2, Offset(__Lib_Lcd_cmd_status+0)(GP)
;__Lib_Lcd.c, 55 :: 		
L_end_Lcd_Chr_CP:
0x9D000828	0x8FBF0000  LW	RA, 0(SP)
0x9D00082C	0x03E00008  JR	RA
0x9D000830	0x27BD0004  ADDIU	SP, SP, 4
; end of _Lcd_Chr_CP
_Menu_init:
;MENU_LCD.c, 103 :: 		void Menu_init()
0x9D000D9C	0x27BDFFF4  ADDIU	SP, SP, -12
0x9D000DA0	0xAFBF0000  SW	RA, 0(SP)
;MENU_LCD.c, 105 :: 		MenuAtual = TelaInicial; //A tela atual = tela inicial
0x9D000DA4	0xAFB90004  SW	R25, 4(SP)
0x9D000DA8	0xAFBA0008  SW	R26, 8(SP)
0x9D000DAC	0x3C02A000  LUI	R2, hi_addr(_TelaInicial+0)
0x9D000DB0	0x34420050  ORI	R2, R2, lo_addr(_TelaInicial+0)
0x9D000DB4	0xAC228094  SW	R2, Offset(MENU_LCD_MenuAtual+0)(GP)
;MENU_LCD.c, 106 :: 		MenuAnterior = &Stack;   //Aponta para a pilha
0x9D000DB8	0x3C02A000  LUI	R2, hi_addr(MENU_LCD_Stack+0)
0x9D000DBC	0x344200A8  ORI	R2, R2, lo_addr(MENU_LCD_Stack+0)
0x9D000DC0	0xAC2280C8  SW	R2, Offset(MENU_LCD_MenuAnterior+0)(GP)
;MENU_LCD.c, 108 :: 		MostrarItens( MenuAtual, selecao ); //Exibe os itens
0x9D000DC4	0x903A8015  LBU	R26, Offset(MENU_LCD_selecao+0)(GP)
0x9D000DC8	0x0F400097  JAL	MENU_LCD_MostrarItens+0
0x9D000DCC	0x8C398094  LW	R25, Offset(MENU_LCD_MenuAtual+0)(GP)
;MENU_LCD.c, 109 :: 		}
L_end_Menu_init:
0x9D000DD0	0x8FBA0008  LW	R26, 8(SP)
0x9D000DD4	0x8FB90004  LW	R25, 4(SP)
0x9D000DD8	0x8FBF0000  LW	RA, 0(SP)
0x9D000DDC	0x03E00008  JR	RA
0x9D000DE0	0x27BD000C  ADDIU	SP, SP, 12
; end of _Menu_init
MENU_LCD_MostrarItens:
;MENU_LCD.c, 72 :: 		static char MostrarItens( const Item* menu[], char sel )
0x9D00025C	0x27BDFFF0  ADDIU	SP, SP, -16
0x9D000260	0xAFBF0000  SW	RA, 0(SP)
;MENU_LCD.c, 74 :: 		char index = 0, row = 1;
0x9D000264	0xAFBB0004  SW	R27, 4(SP)
; index start address is: 20 (R5)
0x9D000268	0x0000280A  MOVZ	R5, R0, R0
; row start address is: 16 (R4)
0x9D00026C	0x34040001  ORI	R4, R0, 1
;MENU_LCD.c, 76 :: 		Lcd_Cmd( _LCD_CLEAR );
0x9D000270	0xAFB90008  SW	R25, 8(SP)
0x9D000274	0x0F40020D  JAL	_Lcd_Cmd+0
0x9D000278	0x34190001  ORI	R25, R0, 1
0x9D00027C	0x8FB90008  LW	R25, 8(SP)
;MENU_LCD.c, 78 :: 		if( menu == 0 )
0x9D000280	0x17200003  BNE	R25, R0, L_MENU_LCD_MostrarItens8
0x9D000284	0x70000000  NOP	
L_MENU_LCD_MostrarItens40:
; row end address is: 16 (R4)
; index end address is: 20 (R5)
;MENU_LCD.c, 79 :: 		return 0;
0x9D000288	0x0B4000DD  J	L_end_MostrarItens
0x9D00028C	0x0000100A  MOVZ	R2, R0, R0
L_MENU_LCD_MostrarItens8:
;MENU_LCD.c, 81 :: 		while( menu[index] )
; index start address is: 20 (R5)
; index end address is: 20 (R5)
; row start address is: 16 (R4)
L_MENU_LCD_MostrarItens9:
; row start address is: 16 (R4)
; row end address is: 16 (R4)
; index start address is: 20 (R5)
0x9D000290	0x30A200FF  ANDI	R2, R5, 255
0x9D000294	0x00021080  SLL	R2, R2, 2
0x9D000298	0x03221021  ADDU	R2, R25, R2
0x9D00029C	0x8C420000  LW	R2, 0(R2)
0x9D0002A0	0x1040002C  BEQ	R2, R0, L_MENU_LCD_MostrarItens10
0x9D0002A4	0x70000000  NOP	
L_MENU_LCD_MostrarItens42:
; row end address is: 16 (R4)
;MENU_LCD.c, 83 :: 		if( index < sel ) { index++; continue; }
; row start address is: 16 (R4)
0x9D0002A8	0x30A300FF  ANDI	R3, R5, 255
0x9D0002AC	0x334200FF  ANDI	R2, R26, 255
0x9D0002B0	0x0062102B  SLTU	R2, R3, R2
0x9D0002B4	0x10400004  BEQ	R2, R0, L_MENU_LCD_MostrarItens11
0x9D0002B8	0x70000000  NOP	
L_MENU_LCD_MostrarItens43:
0x9D0002BC	0x24A20001  ADDIU	R2, R5, 1
0x9D0002C0	0x0B4000A4  J	L_MENU_LCD_MostrarItens9
0x9D0002C4	0x304500FF  ANDI	R5, R2, 255
L_MENU_LCD_MostrarItens11:
;MENU_LCD.c, 84 :: 		if( index == sel ) Lcd_Chr( row, 1, '>' );
0x9D0002C8	0x30A300FF  ANDI	R3, R5, 255
0x9D0002CC	0x334200FF  ANDI	R2, R26, 255
0x9D0002D0	0x1462000A  BNE	R3, R2, L_MENU_LCD_MostrarItens12
0x9D0002D4	0x70000000  NOP	
L_MENU_LCD_MostrarItens44:
0x9D0002D8	0xA3BA0008  SB	R26, 8(SP)
0x9D0002DC	0xAFB9000C  SW	R25, 12(SP)
0x9D0002E0	0x341B003E  ORI	R27, R0, 62
0x9D0002E4	0x341A0001  ORI	R26, R0, 1
0x9D0002E8	0x0F40000D  JAL	_Lcd_Chr+0
0x9D0002EC	0x309900FF  ANDI	R25, R4, 255
0x9D0002F0	0x8FB9000C  LW	R25, 12(SP)
0x9D0002F4	0x0B4000C7  J	L_MENU_LCD_MostrarItens13
0x9D0002F8	0x93BA0008  LBU	R26, 8(SP)
L_MENU_LCD_MostrarItens12:
;MENU_LCD.c, 85 :: 		else Lcd_Chr( row, 1, ' ' );
0x9D0002FC	0xA3BA0008  SB	R26, 8(SP)
0x9D000300	0xAFB9000C  SW	R25, 12(SP)
0x9D000304	0x341B0020  ORI	R27, R0, 32
0x9D000308	0x341A0001  ORI	R26, R0, 1
0x9D00030C	0x0F40000D  JAL	_Lcd_Chr+0
0x9D000310	0x309900FF  ANDI	R25, R4, 255
0x9D000314	0x8FB9000C  LW	R25, 12(SP)
0x9D000318	0x93BA0008  LBU	R26, 8(SP)
L_MENU_LCD_MostrarItens13:
;MENU_LCD.c, 86 :: 		row++;
0x9D00031C	0x24820001  ADDIU	R2, R4, 1
0x9D000320	0x304400FF  ANDI	R4, R2, 255
;MENU_LCD.c, 87 :: 		LcdWriteFromROM( menu[index++]->Texto );
0x9D000324	0x30A200FF  ANDI	R2, R5, 255
0x9D000328	0x00021080  SLL	R2, R2, 2
0x9D00032C	0x03221021  ADDU	R2, R25, R2
0x9D000330	0x8C420000  LW	R2, 0(R2)
0x9D000334	0x24420004  ADDIU	R2, R2, 4
0x9D000338	0xAFB90008  SW	R25, 8(SP)
0x9D00033C	0x0F400067  JAL	MENU_LCD_LcdWriteFromROM+0
0x9D000340	0x0040C80A  MOVZ	R25, R2, R0
0x9D000344	0x8FB90008  LW	R25, 8(SP)
0x9D000348	0x24A20001  ADDIU	R2, R5, 1
;MENU_LCD.c, 88 :: 		}
; row end address is: 16 (R4)
0x9D00034C	0x0B4000A4  J	L_MENU_LCD_MostrarItens9
0x9D000350	0x304500FF  ANDI	R5, R2, 255
L_MENU_LCD_MostrarItens10:
;MENU_LCD.c, 90 :: 		if( index <= sel )
0x9D000354	0x30A300FF  ANDI	R3, R5, 255
; index end address is: 20 (R5)
0x9D000358	0x334200FF  ANDI	R2, R26, 255
0x9D00035C	0x0043102B  SLTU	R2, R2, R3
0x9D000360	0x14400003  BNE	R2, R0, L_MENU_LCD_MostrarItens14
0x9D000364	0x70000000  NOP	
L_MENU_LCD_MostrarItens45:
;MENU_LCD.c, 91 :: 		return 1;
0x9D000368	0x0B4000DD  J	L_end_MostrarItens
0x9D00036C	0x34020001  ORI	R2, R0, 1
L_MENU_LCD_MostrarItens14:
;MENU_LCD.c, 92 :: 		return 0;
0x9D000370	0x0000100A  MOVZ	R2, R0, R0
;MENU_LCD.c, 93 :: 		}
;MENU_LCD.c, 92 :: 		return 0;
;MENU_LCD.c, 93 :: 		}
L_end_MostrarItens:
0x9D000374	0x8FBB0004  LW	R27, 4(SP)
0x9D000378	0x8FBF0000  LW	RA, 0(SP)
0x9D00037C	0x03E00008  JR	RA
0x9D000380	0x27BD0010  ADDIU	SP, SP, 16
; end of MENU_LCD_MostrarItens
_Lcd_Chr:
;__Lib_Lcd.c, 65 :: 		
0x9D000034	0x27BDFFF8  ADDIU	SP, SP, -8
0x9D000038	0xAFBF0000  SW	RA, 0(SP)
;__Lib_Lcd.c, 66 :: 		
0x9D00003C	0x0B40001B  J	L_Lcd_Chr4
0x9D000040	0xAFB90004  SW	R25, 4(SP)
;__Lib_Lcd.c, 67 :: 		
L_Lcd_Chr6:
0x9D000044	0x0B40002D  J	L_Lcd_Chr5
0x9D000048	0x34190080  ORI	R25, R0, 128
;__Lib_Lcd.c, 68 :: 		
L_Lcd_Chr7:
0x9D00004C	0x0B40002D  J	L_Lcd_Chr5
0x9D000050	0x341900C0  ORI	R25, R0, 192
;__Lib_Lcd.c, 69 :: 		
L_Lcd_Chr8:
0x9D000054	0x0B40002D  J	L_Lcd_Chr5
0x9D000058	0x34190094  ORI	R25, R0, 148
;__Lib_Lcd.c, 70 :: 		
L_Lcd_Chr9:
0x9D00005C	0x0B40002D  J	L_Lcd_Chr5
0x9D000060	0x341900D4  ORI	R25, R0, 212
;__Lib_Lcd.c, 71 :: 		
L_Lcd_Chr10:
;__Lib_Lcd.c, 72 :: 		
0x9D000064	0x0B40002D  J	L_Lcd_Chr5
0x9D000068	0x34190080  ORI	R25, R0, 128
L_Lcd_Chr4:
0x9D00006C	0x332300FF  ANDI	R3, R25, 255
0x9D000070	0x34020001  ORI	R2, R0, 1
0x9D000074	0x1062FFF3  BEQ	R3, R2, L_Lcd_Chr6
0x9D000078	0x70000000  NOP	
L__Lcd_Chr29:
0x9D00007C	0x332300FF  ANDI	R3, R25, 255
0x9D000080	0x34020002  ORI	R2, R0, 2
0x9D000084	0x1062FFF1  BEQ	R3, R2, L_Lcd_Chr7
0x9D000088	0x70000000  NOP	
L__Lcd_Chr31:
0x9D00008C	0x332300FF  ANDI	R3, R25, 255
0x9D000090	0x34020003  ORI	R2, R0, 3
0x9D000094	0x1062FFEF  BEQ	R3, R2, L_Lcd_Chr8
0x9D000098	0x70000000  NOP	
L__Lcd_Chr33:
0x9D00009C	0x332300FF  ANDI	R3, R25, 255
0x9D0000A0	0x34020004  ORI	R2, R0, 4
0x9D0000A4	0x1062FFED  BEQ	R3, R2, L_Lcd_Chr9
0x9D0000A8	0x70000000  NOP	
L__Lcd_Chr35:
0x9D0000AC	0x0B400019  J	L_Lcd_Chr10
0x9D0000B0	0x70000000  NOP	
L_Lcd_Chr5:
;__Lib_Lcd.c, 74 :: 		
0x9D0000B4	0x2742FFFF  ADDIU	R2, R26, -1
0x9D0000B8	0x03221821  ADDU	R3, R25, R2
0x9D0000BC	0x307900FF  ANDI	R25, R3, 255
;__Lib_Lcd.c, 76 :: 		
0x9D0000C0	0x90228093  LBU	R2, Offset(__Lib_Lcd_cmd_status+0)(GP)
0x9D0000C4	0x34420001  ORI	R2, R2, 0x0001
0x9D0000C8	0xA0228093  SB	R2, Offset(__Lib_Lcd_cmd_status+0)(GP)
;__Lib_Lcd.c, 77 :: 		
0x9D0000CC	0x0F40020D  JAL	_Lcd_Cmd+0
0x9D0000D0	0x307900FF  ANDI	R25, R3, 255
;__Lib_Lcd.c, 79 :: 		
0x9D0000D4	0x90228093  LBU	R2, Offset(__Lib_Lcd_cmd_status+0)(GP)
0x9D0000D8	0x7C020004  INS	R2, R0, 0, 1
0x9D0000DC	0xA0228093  SB	R2, Offset(__Lib_Lcd_cmd_status+0)(GP)
;__Lib_Lcd.c, 80 :: 		
0x9D0000E0	0x0F40020D  JAL	_Lcd_Cmd+0
0x9D0000E4	0x337900FF  ANDI	R25, R27, 255
;__Lib_Lcd.c, 81 :: 		
0x9D0000E8	0x90228093  LBU	R2, Offset(__Lib_Lcd_cmd_status+0)(GP)
0x9D0000EC	0x34420001  ORI	R2, R2, 0x0001
0x9D0000F0	0xA0228093  SB	R2, Offset(__Lib_Lcd_cmd_status+0)(GP)
;__Lib_Lcd.c, 82 :: 		
L_end_Lcd_Chr:
0x9D0000F4	0x8FB90004  LW	R25, 4(SP)
0x9D0000F8	0x8FBF0000  LW	RA, 0(SP)
0x9D0000FC	0x03E00008  JR	RA
0x9D000100	0x27BD0008  ADDIU	SP, SP, 8
; end of _Lcd_Chr
MENU_LCD_LcdWriteFromROM:
;MENU_LCD.c, 95 :: 		static void LcdWriteFromROM( const char* texto )
0x9D00019C	0x27BDFFF8  ADDIU	SP, SP, -8
0x9D0001A0	0xAFBF0000  SW	RA, 0(SP)
;MENU_LCD.c, 97 :: 		while( *texto )
L_MENU_LCD_LcdWriteFromROM15:
0x9D0001A4	0x93220000  LBU	R2, 0(R25)
0x9D0001A8	0x10400008  BEQ	R2, R0, L_MENU_LCD_LcdWriteFromROM16
0x9D0001AC	0x70000000  NOP	
L_MENU_LCD_LcdWriteFromROM48:
;MENU_LCD.c, 99 :: 		Lcd_Chr_CP( *texto++ );
0x9D0001B0	0xAFB90004  SW	R25, 4(SP)
0x9D0001B4	0x0F400201  JAL	_Lcd_Chr_CP+0
0x9D0001B8	0x93390000  LBU	R25, 0(R25)
0x9D0001BC	0x8FB90004  LW	R25, 4(SP)
0x9D0001C0	0x27220001  ADDIU	R2, R25, 1
;MENU_LCD.c, 100 :: 		}
0x9D0001C4	0x0B400069  J	L_MENU_LCD_LcdWriteFromROM15
0x9D0001C8	0x0040C80A  MOVZ	R25, R2, R0
L_MENU_LCD_LcdWriteFromROM16:
;MENU_LCD.c, 101 :: 		}
L_end_LcdWriteFromROM:
0x9D0001CC	0x8FBF0000  LW	RA, 0(SP)
0x9D0001D0	0x03E00008  JR	RA
0x9D0001D4	0x27BD0008  ADDIU	SP, SP, 8
; end of MENU_LCD_LcdWriteFromROM
_Menu_main:
;MENU_LCD.c, 113 :: 		void Menu_main()
0x9D000ABC	0x27BDFFEC  ADDIU	SP, SP, -20
0x9D000AC0	0xAFBF0000  SW	RA, 0(SP)
;MENU_LCD.c, 116 :: 		switch( KeyRead())
0x9D000AC4	0xAFB90004  SW	R25, 4(SP)
0x9D000AC8	0x0F400114  JAL	_KeyRead+0
0x9D000ACC	0xAFBA0008  SW	R26, 8(SP)
0x9D000AD0	0x0B400313  J	L_Menu_main17
0x9D000AD4	0xA3A20010  SB	R2, 16(SP)
;MENU_LCD.c, 119 :: 		case key_MAIS: {
L_Menu_main19:
;MENU_LCD.c, 122 :: 		UART2_Write_Text("\r\nMAIS!");
0x9D000AD8	0x3C19A000  LUI	R25, hi_addr(?lstr1_MENU_LCD+0)
0x9D000ADC	0x0F400051  JAL	_UART2_Write_Text+0
0x9D000AE0	0x37390040  ORI	R25, R25, lo_addr(?lstr1_MENU_LCD+0)
;MENU_LCD.c, 124 :: 		++selecao; //seleciona o proximo item
0x9D000AE4	0x90228015  LBU	R2, Offset(MENU_LCD_selecao+0)(GP)
0x9D000AE8	0x24420001  ADDIU	R2, R2, 1
0x9D000AEC	0xA0228015  SB	R2, Offset(MENU_LCD_selecao+0)(GP)
;MENU_LCD.c, 128 :: 		if( MostrarItens( MenuAtual, selecao ).B0 )
0x9D000AF0	0x305A00FF  ANDI	R26, R2, 255
0x9D000AF4	0x0F400097  JAL	MENU_LCD_MostrarItens+0
0x9D000AF8	0x8C398094  LW	R25, Offset(MENU_LCD_MenuAtual+0)(GP)
0x9D000AFC	0x7C420000  EXT	R2, R2, 0, 1
0x9D000B00	0x10400005  BEQ	R2, R0, L_Menu_main20
0x9D000B04	0x70000000  NOP	
L__Menu_main52:
;MENU_LCD.c, 130 :: 		selecao = 0;
0x9D000B08	0xA0208015  SB	R0, Offset(MENU_LCD_selecao+0)(GP)
;MENU_LCD.c, 131 :: 		MostrarItens( MenuAtual, selecao );
0x9D000B0C	0x0000D00A  MOVZ	R26, R0, R0
0x9D000B10	0x0F400097  JAL	MENU_LCD_MostrarItens+0
0x9D000B14	0x8C398094  LW	R25, Offset(MENU_LCD_MenuAtual+0)(GP)
;MENU_LCD.c, 132 :: 		}
L_Menu_main20:
;MENU_LCD.c, 134 :: 		} break;
0x9D000B18	0x0B400324  J	L_Menu_main18
0x9D000B1C	0x70000000  NOP	
;MENU_LCD.c, 138 :: 		case key_MENOS: {
L_Menu_main21:
;MENU_LCD.c, 140 :: 		UART2_Write_Text("\r\nMENOS!");
0x9D000B20	0x3C19A000  LUI	R25, hi_addr(?lstr2_MENU_LCD+0)
0x9D000B24	0x0F400051  JAL	_UART2_Write_Text+0
0x9D000B28	0x3739000C  ORI	R25, R25, lo_addr(?lstr2_MENU_LCD+0)
;MENU_LCD.c, 142 :: 		} break;
0x9D000B2C	0x0B400324  J	L_Menu_main18
0x9D000B30	0x70000000  NOP	
;MENU_LCD.c, 146 :: 		case key_CONFIRMA: {
L_Menu_main22:
;MENU_LCD.c, 151 :: 		void(*Func)(char) = MenuAtual[selecao]->Tarefa;
0x9D000B34	0x90228015  LBU	R2, Offset(MENU_LCD_selecao+0)(GP)
0x9D000B38	0x00021880  SLL	R3, R2, 2
0x9D000B3C	0x8C228094  LW	R2, Offset(MENU_LCD_MenuAtual+0)(GP)
0x9D000B40	0x00431021  ADDU	R2, R2, R3
0x9D000B44	0x8C420000  LW	R2, 0(R2)
0x9D000B48	0x24420014  ADDIU	R2, R2, 20
0x9D000B4C	0x8C420000  LW	R2, 0(R2)
; Func start address is: 20 (R5)
0x9D000B50	0x0040280A  MOVZ	R5, R2, R0
;MENU_LCD.c, 153 :: 		UART2_Write_Text("\r\nCONFIRMA!");
0x9D000B54	0x3C19A000  LUI	R25, hi_addr(?lstr3_MENU_LCD+0)
0x9D000B58	0x0F400051  JAL	_UART2_Write_Text+0
0x9D000B5C	0x37390000  ORI	R25, R25, lo_addr(?lstr3_MENU_LCD+0)
;MENU_LCD.c, 155 :: 		if( Func != NULL )
0x9D000B60	0x10A0000B  BEQ	R5, R0, L_Menu_main23
0x9D000B64	0x70000000  NOP	
L__Menu_main54:
;MENU_LCD.c, 158 :: 		Func( MenuAtual[selecao]->Parms );
0x9D000B68	0x90228015  LBU	R2, Offset(MENU_LCD_selecao+0)(GP)
0x9D000B6C	0x00021880  SLL	R3, R2, 2
0x9D000B70	0x8C228094  LW	R2, Offset(MENU_LCD_MenuAtual+0)(GP)
0x9D000B74	0x00431021  ADDU	R2, R2, R3
0x9D000B78	0x8C420000  LW	R2, 0(R2)
0x9D000B7C	0x24420018  ADDIU	R2, R2, 24
0x9D000B80	0xAFA5000C  SW	R5, 12(SP)
0x9D000B84	0x00A0F809  JALR	RA, R5
0x9D000B88	0x90590000  LBU	R25, 0(R2)
; Func end address is: 20 (R5)
0x9D000B8C	0x8FA5000C  LW	R5, 12(SP)
;MENU_LCD.c, 159 :: 		}
L_Menu_main23:
;MENU_LCD.c, 162 :: 		if( MenuAtual[selecao]->mItem != NULL )
0x9D000B90	0x90228015  LBU	R2, Offset(MENU_LCD_selecao+0)(GP)
0x9D000B94	0x00021880  SLL	R3, R2, 2
0x9D000B98	0x8C228094  LW	R2, Offset(MENU_LCD_MenuAtual+0)(GP)
0x9D000B9C	0x00431021  ADDU	R2, R2, R3
0x9D000BA0	0x8C420000  LW	R2, 0(R2)
0x9D000BA4	0x8C420000  LW	R2, 0(R2)
0x9D000BA8	0x10400012  BEQ	R2, R0, L_Menu_main24
0x9D000BAC	0x70000000  NOP	
L__Menu_main56:
;MENU_LCD.c, 165 :: 		*MenuAnterior++ = MenuAtual;
0x9D000BB0	0x8C238094  LW	R3, Offset(MENU_LCD_MenuAtual+0)(GP)
0x9D000BB4	0x8C2280C8  LW	R2, Offset(MENU_LCD_MenuAnterior+0)(GP)
0x9D000BB8	0xAC430000  SW	R3, 0(R2)
0x9D000BBC	0x8C2280C8  LW	R2, Offset(MENU_LCD_MenuAnterior+0)(GP)
0x9D000BC0	0x24420004  ADDIU	R2, R2, 4
0x9D000BC4	0xAC2280C8  SW	R2, Offset(MENU_LCD_MenuAnterior+0)(GP)
;MENU_LCD.c, 167 :: 		MenuAtual = MenuAtual[selecao]->mItem;
0x9D000BC8	0x90228015  LBU	R2, Offset(MENU_LCD_selecao+0)(GP)
0x9D000BCC	0x00021880  SLL	R3, R2, 2
0x9D000BD0	0x8C228094  LW	R2, Offset(MENU_LCD_MenuAtual+0)(GP)
0x9D000BD4	0x00431021  ADDU	R2, R2, R3
0x9D000BD8	0x8C420000  LW	R2, 0(R2)
0x9D000BDC	0x8C420000  LW	R2, 0(R2)
0x9D000BE0	0xAC228094  SW	R2, Offset(MENU_LCD_MenuAtual+0)(GP)
;MENU_LCD.c, 169 :: 		selecao = 0;
0x9D000BE4	0xA0208015  SB	R0, Offset(MENU_LCD_selecao+0)(GP)
;MENU_LCD.c, 170 :: 		MostrarItens( MenuAtual, selecao );
0x9D000BE8	0x0000D00A  MOVZ	R26, R0, R0
0x9D000BEC	0x0F400097  JAL	MENU_LCD_MostrarItens+0
0x9D000BF0	0x0040C80A  MOVZ	R25, R2, R0
;MENU_LCD.c, 171 :: 		}
L_Menu_main24:
;MENU_LCD.c, 175 :: 		} break;
0x9D000BF4	0x0B400324  J	L_Menu_main18
0x9D000BF8	0x70000000  NOP	
;MENU_LCD.c, 179 :: 		case key_CANCELA: {
L_Menu_main25:
;MENU_LCD.c, 181 :: 		UART2_Write_Text("\r\nCANCELA!");
0x9D000BFC	0x3C19A000  LUI	R25, hi_addr(?lstr4_MENU_LCD+0)
0x9D000C00	0x0F400051  JAL	_UART2_Write_Text+0
0x9D000C04	0x37390088  ORI	R25, R25, lo_addr(?lstr4_MENU_LCD+0)
;MENU_LCD.c, 183 :: 		selecao = 0;
0x9D000C08	0xA0208015  SB	R0, Offset(MENU_LCD_selecao+0)(GP)
;MENU_LCD.c, 185 :: 		if( ((unsigned*)&MenuAnterior)[0] > (unsigned)&Stack )
0x9D000C0C	0x340200A8  ORI	R2, R0, lo_addr(MENU_LCD_Stack+0)
0x9D000C10	0x3043FFFF  ANDI	R3, R2, 65535
0x9D000C14	0x942280C8  LHU	R2, Offset(MENU_LCD_MenuAnterior+0)(GP)
0x9D000C18	0x0062102B  SLTU	R2, R3, R2
0x9D000C1C	0x10400009  BEQ	R2, R0, L_Menu_main26
0x9D000C20	0x70000000  NOP	
L__Menu_main57:
;MENU_LCD.c, 188 :: 		MenuAtual = *--MenuAnterior;
0x9D000C24	0x8C2280C8  LW	R2, Offset(MENU_LCD_MenuAnterior+0)(GP)
0x9D000C28	0x2442FFFC  ADDIU	R2, R2, -4
0x9D000C2C	0xAC2280C8  SW	R2, Offset(MENU_LCD_MenuAnterior+0)(GP)
0x9D000C30	0x8C420000  LW	R2, 0(R2)
0x9D000C34	0xAC228094  SW	R2, Offset(MENU_LCD_MenuAtual+0)(GP)
;MENU_LCD.c, 189 :: 		MostrarItens( MenuAtual, selecao );
0x9D000C38	0x903A8015  LBU	R26, Offset(MENU_LCD_selecao+0)(GP)
0x9D000C3C	0x0F400097  JAL	MENU_LCD_MostrarItens+0
0x9D000C40	0x0040C80A  MOVZ	R25, R2, R0
;MENU_LCD.c, 190 :: 		}
L_Menu_main26:
;MENU_LCD.c, 193 :: 		} break;
0x9D000C44	0x0B400324  J	L_Menu_main18
0x9D000C48	0x70000000  NOP	
;MENU_LCD.c, 196 :: 		}
L_Menu_main17:
0x9D000C4C	0x93A40010  LBU	R4, 16(SP)
0x9D000C50	0x308300FF  ANDI	R3, R4, 255
0x9D000C54	0x3402002B  ORI	R2, R0, 43
0x9D000C58	0x1062FF9F  BEQ	R3, R2, L_Menu_main19
0x9D000C5C	0x70000000  NOP	
L__Menu_main59:
0x9D000C60	0x308300FF  ANDI	R3, R4, 255
0x9D000C64	0x3402002D  ORI	R2, R0, 45
0x9D000C68	0x1062FFAD  BEQ	R3, R2, L_Menu_main21
0x9D000C6C	0x70000000  NOP	
L__Menu_main61:
0x9D000C70	0x308300FF  ANDI	R3, R4, 255
0x9D000C74	0x3402003E  ORI	R2, R0, 62
0x9D000C78	0x1062FFAE  BEQ	R3, R2, L_Menu_main22
0x9D000C7C	0x70000000  NOP	
L__Menu_main63:
0x9D000C80	0x308300FF  ANDI	R3, R4, 255
0x9D000C84	0x3402003C  ORI	R2, R0, 60
0x9D000C88	0x1062FFDC  BEQ	R3, R2, L_Menu_main25
0x9D000C8C	0x70000000  NOP	
L__Menu_main65:
L_Menu_main18:
;MENU_LCD.c, 199 :: 		}
L_end_Menu_main:
0x9D000C90	0x8FBA0008  LW	R26, 8(SP)
0x9D000C94	0x8FB90004  LW	R25, 4(SP)
0x9D000C98	0x8FBF0000  LW	RA, 0(SP)
0x9D000C9C	0x03E00008  JR	RA
0x9D000CA0	0x27BD0014  ADDIU	SP, SP, 20
; end of _Menu_main
_DefinirSaidas:
;MENU_LCD.c, 203 :: 		void DefinirSaidas( char valor )
0x9D000384	0x27BDFFF8  ADDIU	SP, SP, -8
0x9D000388	0xAFBF0000  SW	RA, 0(SP)
;MENU_LCD.c, 205 :: 		UART2_Write_Text("\r\nDefinir Saidas!");
0x9D00038C	0xAFB90004  SW	R25, 4(SP)
0x9D000390	0x3C19A000  LUI	R25, hi_addr(?lstr5_MENU_LCD+0)
0x9D000394	0x0F400051  JAL	_UART2_Write_Text+0
0x9D000398	0x37390076  ORI	R25, R25, lo_addr(?lstr5_MENU_LCD+0)
;MENU_LCD.c, 206 :: 		}
L_end_DefinirSaidas:
0x9D00039C	0x8FB90004  LW	R25, 4(SP)
0x9D0003A0	0x8FBF0000  LW	RA, 0(SP)
0x9D0003A4	0x03E00008  JR	RA
0x9D0003A8	0x27BD0008  ADDIU	SP, SP, 8
; end of _DefinirSaidas
_UART2_Write_Text:
;__Lib_UART_123456.c, 161 :: 		
0x9D000144	0x27BDFFF8  ADDIU	SP, SP, -8
0x9D000148	0xAFBF0000  SW	RA, 0(SP)
;__Lib_UART_123456.c, 162 :: 		
; counter start address is: 16 (R4)
0x9D00014C	0x0000200A  MOVZ	R4, R0, R0
;__Lib_UART_123456.c, 164 :: 		
0x9D000150	0x93220000  LBU	R2, 0(R25)
; data_ start address is: 12 (R3)
0x9D000154	0x304300FF  ANDI	R3, R2, 255
; counter end address is: 16 (R4)
; data_ end address is: 12 (R3)
;__Lib_UART_123456.c, 165 :: 		
L_UART2_Write_Text24:
; data_ start address is: 12 (R3)
; counter start address is: 16 (R4)
0x9D000158	0x306200FF  ANDI	R2, R3, 255
0x9D00015C	0x1040000C  BEQ	R2, R0, L_UART2_Write_Text25
0x9D000160	0x70000000  NOP	
L__UART2_Write_Text178:
;__Lib_UART_123456.c, 166 :: 		
0x9D000164	0xAFB90004  SW	R25, 4(SP)
; data_ end address is: 12 (R3)
0x9D000168	0x0F400000  JAL	_UART2_Write+0
0x9D00016C	0x307900FF  ANDI	R25, R3, 255
0x9D000170	0x8FB90004  LW	R25, 4(SP)
;__Lib_UART_123456.c, 167 :: 		
0x9D000174	0x24820001  ADDIU	R2, R4, 1
0x9D000178	0x304400FF  ANDI	R4, R2, 255
;__Lib_UART_123456.c, 168 :: 		
0x9D00017C	0x304200FF  ANDI	R2, R2, 255
0x9D000180	0x03221021  ADDU	R2, R25, R2
0x9D000184	0x90420000  LBU	R2, 0(R2)
; data_ start address is: 12 (R3)
;__Lib_UART_123456.c, 169 :: 		
; counter end address is: 16 (R4)
; data_ end address is: 12 (R3)
0x9D000188	0x0B400056  J	L_UART2_Write_Text24
0x9D00018C	0x304300FF  ANDI	R3, R2, 255
L_UART2_Write_Text25:
;__Lib_UART_123456.c, 170 :: 		
L_end_UART2_Write_Text:
0x9D000190	0x8FBF0000  LW	RA, 0(SP)
0x9D000194	0x03E00008  JR	RA
0x9D000198	0x27BD0008  ADDIU	SP, SP, 8
; end of _UART2_Write_Text
_UART2_Write:
;__Lib_UART_123456.c, 154 :: 		
0x9D000000	0x27BDFFFC  ADDIU	SP, SP, -4
;__Lib_UART_123456.c, 157 :: 		
L_UART2_Write22:
0x9D000004	0x3C1EBF80  LUI	R30, 49024
0x9D000008	0x93C26811  LBU	R2, 26641(R30)
0x9D00000C	0x7C420000  EXT	R2, R2, 0, 1
0x9D000010	0x14400003  BNE	R2, R0, L_UART2_Write23
0x9D000014	0x70000000  NOP	
L__UART2_Write175:
0x9D000018	0x0B400001  J	L_UART2_Write22
0x9D00001C	0x70000000  NOP	
L_UART2_Write23:
;__Lib_UART_123456.c, 158 :: 		
0x9D000020	0x3322FFFF  ANDI	R2, R25, 65535
0x9D000024	0x3C1EBF80  LUI	R30, 49024
0x9D000028	0xAFC26820  SW	R2, 26656(R30)
;__Lib_UART_123456.c, 159 :: 		
L_end_UART2_Write:
0x9D00002C	0x03E00008  JR	RA
0x9D000030	0x27BD0004  ADDIU	SP, SP, 4
; end of _UART2_Write
_AlternarSaidas:
;MENU_LCD.c, 208 :: 		void AlternarSaidas( char valor )
0x9D000468	0x27BDFFF8  ADDIU	SP, SP, -8
0x9D00046C	0xAFBF0000  SW	RA, 0(SP)
;MENU_LCD.c, 210 :: 		UART2_Write_Text("\r\nAlternar Saidas!");
0x9D000470	0xAFB90004  SW	R25, 4(SP)
0x9D000474	0x3C19A000  LUI	R25, hi_addr(?lstr6_MENU_LCD+0)
0x9D000478	0x0F400051  JAL	_UART2_Write_Text+0
0x9D00047C	0x3739005C  ORI	R25, R25, lo_addr(?lstr6_MENU_LCD+0)
;MENU_LCD.c, 211 :: 		}
L_end_AlternarSaidas:
0x9D000480	0x8FB90004  LW	R25, 4(SP)
0x9D000484	0x8FBF0000  LW	RA, 0(SP)
0x9D000488	0x03E00008  JR	RA
0x9D00048C	0x27BD0008  ADDIU	SP, SP, 8
; end of _AlternarSaidas
_KeyRead:
;menu_lcd_read.h, 43 :: 		char KeyRead()
;menu_lcd_read.h, 47 :: 		keyCurrent = keyPressed;
; keyCurrent start address is: 12 (R3)
0x9D000450	0x90238016  LBU	R3, Offset(_keyPressed+0)(GP)
;menu_lcd_read.h, 49 :: 		keyPressed = key_NULL;
0x9D000454	0x3402005F  ORI	R2, R0, 95
0x9D000458	0xA0228016  SB	R2, Offset(_keyPressed+0)(GP)
;menu_lcd_read.h, 51 :: 		return(keyCurrent);
0x9D00045C	0x306200FF  ANDI	R2, R3, 255
; keyCurrent end address is: 12 (R3)
;menu_lcd_read.h, 52 :: 		}
L_end_KeyRead:
0x9D000460	0x03E00008  JR	RA
0x9D000464	0x70000000  NOP	
; end of _KeyRead
___BootStartUp:
;__Lib_System.c, 68 :: 		
0xBFC00000	0x27BDFFFC  ADDIU	SP, SP, -4
;__Lib_System.c, 72 :: 		
0xBFC00004	0x70000000  NOP	
;__Lib_System.c, 73 :: 		
0xBFC00008	0x70000000  NOP	
;__Lib_System.c, 74 :: 		
0xBFC0000C	0x70000000  NOP	
;__Lib_System.c, 75 :: 		
0xBFC00010	0x70000000  NOP	
;__Lib_System.c, 76 :: 		
0xBFC00014	0x70000000  NOP	
;__Lib_System.c, 77 :: 		
0xBFC00018	0x70000000  NOP	
;__Lib_System.c, 78 :: 		
0xBFC0001C	0x70000000  NOP	
;__Lib_System.c, 79 :: 		
0xBFC00020	0x70000000  NOP	
;__Lib_System.c, 80 :: 		
0xBFC00024	0x70000000  NOP	
;__Lib_System.c, 81 :: 		
0xBFC00028	0x70000000  NOP	
;__Lib_System.c, 82 :: 		
0xBFC0002C	0x70000000  NOP	
;__Lib_System.c, 83 :: 		
0xBFC00030	0x70000000  NOP	
;__Lib_System.c, 84 :: 		
0xBFC00034	0x70000000  NOP	
;__Lib_System.c, 85 :: 		
0xBFC00038	0x70000000  NOP	
;__Lib_System.c, 86 :: 		
0xBFC0003C	0x70000000  NOP	
;__Lib_System.c, 87 :: 		
0xBFC00040	0x70000000  NOP	
;__Lib_System.c, 88 :: 		
0xBFC00044	0x70000000  NOP	
;__Lib_System.c, 89 :: 		
0xBFC00048	0x70000000  NOP	
;__Lib_System.c, 90 :: 		
0xBFC0004C	0x70000000  NOP	
;__Lib_System.c, 91 :: 		
0xBFC00050	0x70000000  NOP	
;__Lib_System.c, 94 :: 		
0xBFC00054	0x3C1DA001  LUI	SP, 40961
0xBFC00058	0x37BDFFFC  ORI	SP, SP, 65532
;__Lib_System.c, 95 :: 		
0xBFC0005C	0x3C01A000  LUI	GP, 40960
0xBFC00060	0x34218000  ORI	GP, GP, 32768
;__Lib_System.c, 99 :: 		
0xBFC00064	0x401E6002  MFC0	R30, 12, 2
;__Lib_System.c, 100 :: 		
0xBFC00068	0x03C0E00A  MOVZ	R28, R30, R0
;__Lib_System.c, 101 :: 		
0xBFC0006C	0x7FDB1E80  EXT	R27, R30, 26, 4
;__Lib_System.c, 102 :: 		
0xBFC00070	0x7F7E4984  INS	R30, R27, 6, 4
;__Lib_System.c, 103 :: 		
0xBFC00074	0x409E6002  MTC0	R30, 12, 2
;__Lib_System.c, 104 :: 		
0xBFC00078	0x41C10800  WRPGPR	GP, GP
;__Lib_System.c, 105 :: 		
0xBFC0007C	0x409C6002  MTC0	R28, 12, 2
;__Lib_System.c, 111 :: 		
0xBFC00080	0x3C02A421  LUI	R2, 42017
0xBFC00084	0x34420583  ORI	R2, R2, 1411
0xBFC00088	0x0040F00A  MOVZ	R30, R2, R0
0xBFC0008C	0x409E8000  MTC0	R30, 16, 0
;__Lib_System.c, 114 :: 		
0xBFC00090	0x0000100A  MOVZ	R2, R0, R0
0xBFC00094	0x0040F00A  MOVZ	R30, R2, R0
0xBFC00098	0x409E4800  MTC0	R30, 9, 0
;__Lib_System.c, 117 :: 		
0xBFC0009C	0x3C02FFFF  LUI	R2, 65535
0xBFC000A0	0x3442FFFF  ORI	R2, R2, 65535
0xBFC000A4	0x0040F00A  MOVZ	R30, R2, R0
0xBFC000A8	0x409E5800  MTC0	R30, 11, 0
;__Lib_System.c, 119 :: 		
0xBFC000AC	0x3C029FC0  LUI	R2, 40896
0xBFC000B0	0x34421000  ORI	R2, R2, 4096
0xBFC000B4	0x0040F00A  MOVZ	R30, R2, R0
0xBFC000B8	0x409E7801  MTC0	R30, 15, 1
;__Lib_System.c, 121 :: 		
0xBFC000BC	0x34020020  ORI	R2, R0, 32
0xBFC000C0	0x0040F00A  MOVZ	R30, R2, R0
0xBFC000C4	0x409E6001  MTC0	R30, 12, 1
;__Lib_System.c, 123 :: 		
0xBFC000C8	0x3C020400  LUI	R2, 1024
0xBFC000CC	0x0040F00A  MOVZ	R30, R2, R0
0xBFC000D0	0x409E6002  MTC0	R30, 12, 2
;__Lib_System.c, 124 :: 		
0xBFC000D4	0x0000100A  MOVZ	R2, R0, R0
0xBFC000D8	0x0040F00A  MOVZ	R30, R2, R0
0xBFC000DC	0x409E6003  MTC0	R30, 12, 3
;__Lib_System.c, 129 :: 		
0xBFC000E0	0x3C020010  LUI	R2, 16
0xBFC000E4	0x0040F00A  MOVZ	R30, R2, R0
0xBFC000E8	0x409E6000  MTC0	R30, 12, 0
;__Lib_System.c, 132 :: 		
0xBFC000EC	0x34020031  ORI	R2, R0, 49
0xBFC000F0	0x3C1EBF88  LUI	R30, 49032
0xBFC000F4	0xAFC24000  SW	R2, 16384(R30)
;__Lib_System.c, 137 :: 		
0xBFC000F8	0x34021000  ORI	R2, R0, 4096
0xBFC000FC	0x3C1EBF88  LUI	R30, 49032
0xBFC00100	0xAFC21000  SW	R2, 4096(R30)
;__Lib_System.c, 143 :: 		
0xBFC00104	0x3C020080  LUI	R2, 128
0xBFC00108	0x0040F00A  MOVZ	R30, R2, R0
0xBFC0010C	0x409E6800  MTC0	R30, 13, 0
;__Lib_System.c, 149 :: 		
0xBFC00110	0x3C1E9D00  LUI	R30, hi_addr(_main+0)
;__Lib_System.c, 150 :: 		
0xBFC00114	0x37DE0F30  ORI	R30, R30, lo_addr(_main+0)
;__Lib_System.c, 152 :: 		
0xBFC00118	0x03C00008  JR	R30
;__Lib_System.c, 153 :: 		
0xBFC0011C	0x70000000  NOP	
;__Lib_System.c, 155 :: 		
L_end___BootStartUp:
0xBFC00120	0x03E00008  JR	RA
0xBFC00124	0x27BD0004  ADDIU	SP, SP, 4
; end of ___BootStartUp
___BootGenExcept:
;__Lib_System.c, 56 :: 		
0x9D000FC8	0x27BDFFFC  ADDIU	SP, SP, -4
;__Lib_System.c, 57 :: 		
L___BootGenExcept6:
;__Lib_System.c, 58 :: 		
0x9D000FCC	0x0B4003F3  J	L___BootGenExcept6
0x9D000FD0	0x70000000  NOP	
;__Lib_System.c, 59 :: 		
L_end___BootGenExcept:
0x9D000FD4	0x27BD0004  ADDIU	SP, SP, 4
0x9D000FD8	0x42000018  ERET	
0x9D000FDC	0x70000000  NOP	
; end of ___BootGenExcept
___GenExcept:
;__Lib_System.c, 61 :: 		
0x9D000FE0	0x27BDFFFC  ADDIU	SP, SP, -4
;__Lib_System.c, 62 :: 		
L___GenExcept8:
;__Lib_System.c, 63 :: 		
0x9D000FE4	0x0B4003F9  J	L___GenExcept8
0x9D000FE8	0x70000000  NOP	
;__Lib_System.c, 64 :: 		
L_end___GenExcept:
0x9D000FEC	0x27BD0004  ADDIU	SP, SP, 4
0x9D000FF0	0x42000018  ERET	
0x9D000FF4	0x70000000  NOP	
; end of ___GenExcept
0x9D001248	0x03E0C80A  MOVZ	R25, RA, R0
0x9D00124C	0x3C17A000  LUI	R23, 40960
0x9D001250	0x36F70000  ORI	R23, R23, 0
0x9D001254	0x3C16A000  LUI	R22, 40960
0x9D001258	0x36D60015  ORI	R22, R22, 21
0x9D00125C	0x3C189D00  LUI	R24, 40192
0x9D001260	0x37181230  ORI	R24, R24, 4656
0x9D001264	0x0F40026A  JAL	___CC2DW
0x9D001268	0x70000000  NOP	
0x9D00126C	0x3C17A000  LUI	R23, 40960
0x9D001270	0x36F70018  ORI	R23, R23, 24
0x9D001274	0x3C16A000  LUI	R22, 40960
0x9D001278	0x36D60048  ORI	R22, R22, 72
0x9D00127C	0x3C189D00  LUI	R24, 40192
0x9D001280	0x371810CC  ORI	R24, R24, 4300
0x9D001284	0x0F40026A  JAL	___CC2DW
0x9D001288	0x70000000  NOP	
0x9D00128C	0x3C17A000  LUI	R23, 40960
0x9D001290	0x36F70015  ORI	R23, R23, 21
0x9D001294	0x3C16A000  LUI	R22, 40960
0x9D001298	0x36D60017  ORI	R22, R22, 23
0x9D00129C	0x3C189D00  LUI	R24, 40192
0x9D0012A0	0x37181245  ORI	R24, R24, 4677
0x9D0012A4	0x0F40026A  JAL	___CC2DW
0x9D0012A8	0x70000000  NOP	
0x9D0012AC	0x3C17A000  LUI	R23, 40960
0x9D0012B0	0x36F70048  ORI	R23, R23, 72
0x9D0012B4	0x3C16A000  LUI	R22, 40960
0x9D0012B8	0x36D60093  ORI	R22, R22, 147
0x9D0012BC	0x3C189D00  LUI	R24, 40192
0x9D0012C0	0x37181080  ORI	R24, R24, 4224
0x9D0012C4	0x0F40026A  JAL	___CC2DW
0x9D0012C8	0x70000000  NOP	
0x9D0012CC	0x0320F80A  MOVZ	RA, R25, R0
0x9D0012D0	0x03E00008  JR	RA
0x9D0012D4	0x70000000  NOP	
0x9D00133C	0x03E0C80A  MOVZ	R25, RA, R0
0x9D001340	0x3C17A000  LUI	R23, 40960
0x9D001344	0x36F70000  ORI	R23, R23, 0
0x9D001348	0x3C16A000  LUI	R22, 40960
0x9D00134C	0x36D600CC  ORI	R22, R22, 204
0x9D001350	0x0F400272  JAL	___FillZeros
0x9D001354	0x70000000  NOP	
0x9D001358	0x0320F80A  MOVZ	RA, R25, R0
0x9D00135C	0x03E00008  JR	RA
0x9D001360	0x70000000  NOP	
_InterruptTimerKeyboard:
;TIMER.c, 13 :: 		void InterruptTimerKeyboard() iv IVT_TIMER_4 ilevel 5 ics ICS_AUTO {
0x9D000FF8	0x27BDFFE8  ADDIU	SP, SP, -24
0x9D000FFC	0xAFBE000C  SW	R30, 12(SP)
0x9D001000	0x401E6002  MFC0	R30, 12, 2
0x9D001004	0xAFBE0008  SW	R30, 8(SP)
0x9D001008	0x401E7000  MFC0	R30, 14, 0
0x9D00100C	0xAFBE0004  SW	R30, 4(SP)
0x9D001010	0x401E6000  MFC0	R30, 12, 0
0x9D001014	0xAFBE0000  SW	R30, 0(SP)
0x9D001018	0x7C1E7844  INS	R30, R0, 1, 15
0x9D00101C	0x341E1400  ORI	R30, R0, 5120
0x9D001020	0x409E6000  MTC0	R30, 12, 0
0x9D001024	0xAFA20010  SW	R2, 16(SP)
0x9D001028	0xAFA30014  SW	R3, 20(SP)
0x9D00102C	0x27BDFFFC  ADDIU	SP, SP, -4
0x9D001030	0xAFBF0000  SW	RA, 0(SP)
;TIMER.c, 16 :: 		T4IF_bit         = 0;
0x9D001034	0x34020001  ORI	R2, R0, 0x0001
0x9D001038	0x3C1EBF88  LUI	R30, 49032
;TIMER.c, 19 :: 		Keyboard_Interrupt();
0x9D00103C	0x0F400297  JAL	_Keyboard_Interrupt+0
0x9D001040	0xA3C21036  SB	R2, 4150(R30)
;TIMER.c, 29 :: 		}//Fim do Timer da ProxInt()
L_end_InterruptTimerKeyboard:
0x9D001044	0x8FBF0000  LW	RA, 0(SP)
0x9D001048	0x27BD0004  ADDIU	SP, SP, 4
0x9D00104C	0x41606000  DI	
0x9D001050	0x000000C0  EHB	
0x9D001054	0x8FBE0004  LW	R30, 4(SP)
0x9D001058	0x409E7000  MTC0	R30, 14, 0
0x9D00105C	0x8FBE0000  LW	R30, 0(SP)
0x9D001060	0x409E6000  MTC0	R30, 12, 0
0x9D001064	0x8FBE0008  LW	R30, 8(SP)
0x9D001068	0x409E6002  MTC0	R30, 12, 2
0x9D00106C	0x8FA30014  LW	R3, 20(SP)
0x9D001070	0x8FA20010  LW	R2, 16(SP)
0x9D001074	0x8FBE000C  LW	R30, 12(SP)
0x9D001078	0x27BD0018  ADDIU	SP, SP, 24
0x9D00107C	0x42000018  ERET	
; end of _InterruptTimerKeyboard
_Keyboard_Interrupt:
;menu_lcd_read.h, 56 :: 		void Keyboard_Interrupt()
0x9D000A5C	0x27BDFFFC  ADDIU	SP, SP, -4
0x9D000A60	0xAFBF0000  SW	RA, 0(SP)
;menu_lcd_read.h, 59 :: 		if (T0_cntKEY < 250)          T0_cntKEY++;
0x9D000A64	0x90228017  LBU	R2, Offset(_T0_cntKEY+0)(GP)
0x9D000A68	0x2C4200FA  SLTIU	R2, R2, 250
0x9D000A6C	0x10400004  BEQ	R2, R0, L_Keyboard_Interrupt5
0x9D000A70	0x70000000  NOP	
L__Keyboard_Interrupt35:
0x9D000A74	0x90228017  LBU	R2, Offset(_T0_cntKEY+0)(GP)
0x9D000A78	0x24420001  ADDIU	R2, R2, 1
0x9D000A7C	0xA0228017  SB	R2, Offset(_T0_cntKEY+0)(GP)
L_Keyboard_Interrupt5:
;menu_lcd_read.h, 61 :: 		if (T0_cntKEY > 10/*0,3s com a tecla "travada"*/)
0x9D000A80	0x90228017  LBU	R2, Offset(_T0_cntKEY+0)(GP)
0x9D000A84	0x2C42000B  SLTIU	R2, R2, 11
0x9D000A88	0x14400009  BNE	R2, R0, L_Keyboard_Interrupt6
0x9D000A8C	0x70000000  NOP	
L__Keyboard_Interrupt36:
;menu_lcd_read.h, 64 :: 		keyPressed = KeyReading();
0x9D000A90	0x0F4000EB  JAL	_KeyReading+0
0x9D000A94	0x70000000  NOP	
0x9D000A98	0xA0228016  SB	R2, Offset(_keyPressed+0)(GP)
;menu_lcd_read.h, 65 :: 		if (keyPressed != key_NULL) {
0x9D000A9C	0x304300FF  ANDI	R3, R2, 255
0x9D000AA0	0x3402005F  ORI	R2, R0, 95
0x9D000AA4	0x10620002  BEQ	R3, R2, L_Keyboard_Interrupt7
0x9D000AA8	0x70000000  NOP	
L__Keyboard_Interrupt38:
;menu_lcd_read.h, 67 :: 		T0_cntKEY = 0;
0x9D000AAC	0xA0208017  SB	R0, Offset(_T0_cntKEY+0)(GP)
;menu_lcd_read.h, 71 :: 		}
L_Keyboard_Interrupt7:
;menu_lcd_read.h, 72 :: 		}
L_Keyboard_Interrupt6:
;menu_lcd_read.h, 73 :: 		}
L_end_Keyboard_Interrupt:
0x9D000AB0	0x8FBF0000  LW	RA, 0(SP)
0x9D000AB4	0x03E00008  JR	RA
0x9D000AB8	0x27BD0004  ADDIU	SP, SP, 4
; end of _Keyboard_Interrupt
_KeyReading:
;menu_lcd_read.h, 24 :: 		char KeyReading()
0x9D0003AC	0x27BDFFFC  ADDIU	SP, SP, -4
0x9D0003B0	0xAFBF0000  SW	RA, 0(SP)
;menu_lcd_read.h, 27 :: 		if (TeclaMais()     == _TC_ON)   return(key_MAIS);
0x9D0003B4	0x0F40008D  JAL	_TeclaMais+0
0x9D0003B8	0x70000000  NOP	
0x9D0003BC	0x304200FF  ANDI	R2, R2, 255
0x9D0003C0	0x14400003  BNE	R2, R0, L_KeyReading0
0x9D0003C4	0x70000000  NOP	
L__KeyReading28:
0x9D0003C8	0x0B400111  J	L_end_KeyReading
0x9D0003CC	0x3402002B  ORI	R2, R0, 43
L_KeyReading0:
;menu_lcd_read.h, 28 :: 		if (TeclaMenos()    == _TC_ON)   return(key_MENOS);
0x9D0003D0	0x0F400092  JAL	_TeclaMenos+0
0x9D0003D4	0x70000000  NOP	
0x9D0003D8	0x304200FF  ANDI	R2, R2, 255
0x9D0003DC	0x14400003  BNE	R2, R0, L_KeyReading1
0x9D0003E0	0x70000000  NOP	
L__KeyReading29:
0x9D0003E4	0x0B400111  J	L_end_KeyReading
0x9D0003E8	0x3402002D  ORI	R2, R0, 45
L_KeyReading1:
;menu_lcd_read.h, 29 :: 		if (TeclaConfirma() == _TC_ON)   return(key_CONFIRMA);
0x9D0003EC	0x0F40007E  JAL	_TeclaConfirma+0
0x9D0003F0	0x70000000  NOP	
0x9D0003F4	0x304200FF  ANDI	R2, R2, 255
0x9D0003F8	0x14400003  BNE	R2, R0, L_KeyReading2
0x9D0003FC	0x70000000  NOP	
L__KeyReading30:
0x9D000400	0x0B400111  J	L_end_KeyReading
0x9D000404	0x3402003E  ORI	R2, R0, 62
L_KeyReading2:
;menu_lcd_read.h, 30 :: 		if (TeclaCancela()  == _TC_ON)   return(key_CANCELA);
0x9D000408	0x0F400083  JAL	_TeclaCancela+0
0x9D00040C	0x70000000  NOP	
0x9D000410	0x304200FF  ANDI	R2, R2, 255
0x9D000414	0x14400003  BNE	R2, R0, L_KeyReading3
0x9D000418	0x70000000  NOP	
L__KeyReading31:
0x9D00041C	0x0B400111  J	L_end_KeyReading
0x9D000420	0x3402003C  ORI	R2, R0, 60
L_KeyReading3:
;menu_lcd_read.h, 31 :: 		if (TeclaManual()   == _TC_ON)   return(key_MANUAL);
0x9D000424	0x0F400088  JAL	_TeclaManual+0
0x9D000428	0x70000000  NOP	
0x9D00042C	0x304200FF  ANDI	R2, R2, 255
0x9D000430	0x14400003  BNE	R2, R0, L_KeyReading4
0x9D000434	0x70000000  NOP	
L__KeyReading32:
0x9D000438	0x0B400111  J	L_end_KeyReading
0x9D00043C	0x34020034  ORI	R2, R0, 52
L_KeyReading4:
;menu_lcd_read.h, 33 :: 		return(key_NULL);
0x9D000440	0x3402005F  ORI	R2, R0, 95
;menu_lcd_read.h, 35 :: 		}//fim da KeyReading
L_end_KeyReading:
0x9D000444	0x8FBF0000  LW	RA, 0(SP)
0x9D000448	0x03E00008  JR	RA
0x9D00044C	0x27BD0004  ADDIU	SP, SP, 4
; end of _KeyReading
_TeclaMais:
;PANEL.c, 17 :: 		char TeclaMais()       { return T_MAIS; }
0x9D000234	0x3C1EBF88  LUI	R30, 49032
0x9D000238	0x83C26051  LB	R2, 24657(R30)
0x9D00023C	0x7C4200C0  EXT	R2, R2, 3, 1
L_end_TeclaMais:
0x9D000240	0x03E00008  JR	RA
0x9D000244	0x70000000  NOP	
; end of _TeclaMais
_TeclaMenos:
;PANEL.c, 18 :: 		char TeclaMenos()      { return T_MENOS; }
0x9D000248	0x3C1EBF88  LUI	R30, 49032
0x9D00024C	0x83C26051  LB	R2, 24657(R30)
0x9D000250	0x7C420080  EXT	R2, R2, 2, 1
L_end_TeclaMenos:
0x9D000254	0x03E00008  JR	RA
0x9D000258	0x70000000  NOP	
; end of _TeclaMenos
_TeclaConfirma:
;PANEL.c, 19 :: 		char TeclaConfirma()   { return T_CONFIRMA; }
0x9D0001F8	0x3C1EBF88  LUI	R30, 49032
0x9D0001FC	0x83C26051  LB	R2, 24657(R30)
0x9D000200	0x7C420140  EXT	R2, R2, 5, 1
L_end_TeclaConfirma:
0x9D000204	0x03E00008  JR	RA
0x9D000208	0x70000000  NOP	
; end of _TeclaConfirma
_TeclaCancela:
;PANEL.c, 20 :: 		char TeclaCancela()    { return T_CANCELA; }
0x9D00020C	0x3C1EBF88  LUI	R30, 49032
0x9D000210	0x83C26051  LB	R2, 24657(R30)
0x9D000214	0x7C420100  EXT	R2, R2, 4, 1
L_end_TeclaCancela:
0x9D000218	0x03E00008  JR	RA
0x9D00021C	0x70000000  NOP	
; end of _TeclaCancela
_TeclaManual:
;PANEL.c, 21 :: 		char TeclaManual()     { return T_MANUAL; }
0x9D000220	0x3C1EBF88  LUI	R30, 49032
0x9D000224	0x83C26050  LB	R2, 24656(R30)
0x9D000228	0x7C4201C0  EXT	R2, R2, 7, 1
L_end_TeclaManual:
0x9D00022C	0x03E00008  JR	RA
0x9D000230	0x70000000  NOP	
; end of _TeclaManual
;MENU_LCD.c,0 :: ?ICS_Screen3 [8]
0x9D001080	0x9D0011C0 ;?ICS_Screen3+0
0x9D001084	0x00000000 ;?ICS_Screen3+4
; end of ?ICS_Screen3
;MENU_LCD.c,0 :: ?ICS_TelaInicial [12]
0x9D001088	0x9D001150 ;?ICS_TelaInicial+0
0x9D00108C	0x9D001134 ;?ICS_TelaInicial+4
0x9D001090	0x00000000 ;?ICS_TelaInicial+8
; end of ?ICS_TelaInicial
;,0 :: _initBlock_2 [44]
; Containing: ?ICS?lstr6_MENU_LCD [19]
;             ?ICS?lstr1_MENU_LCD_Main [7]
;             ?ICS?lstr5_MENU_LCD [18]
0x9D001094	0x6C410A0D ;_initBlock_2+0 : ?ICS?lstr6_MENU_LCD at 0x9D001094
0x9D001098	0x6E726574 ;_initBlock_2+4
0x9D00109C	0x53207261 ;_initBlock_2+8
0x9D0010A0	0x61646961 ;_initBlock_2+12
0x9D0010A4	0x4D002173 ;_initBlock_2+16 : ?ICS?lstr1_MENU_LCD_Main at 0x9D0010A7
0x9D0010A8	0x69637261 ;_initBlock_2+20
0x9D0010AC	0x0A0D006F ;_initBlock_2+24 : ?ICS?lstr5_MENU_LCD at 0x9D0010AE
0x9D0010B0	0x69666544 ;_initBlock_2+28
0x9D0010B4	0x2072696E ;_initBlock_2+32
0x9D0010B8	0x64696153 ;_initBlock_2+36
0x9D0010BC	0x00217361 ;_initBlock_2+40
; end of _initBlock_2
;MENU_LCD.c,0 :: ?ICS?lstr4_MENU_LCD [11]
0x9D0010C0	0x41430A0D ;?ICS?lstr4_MENU_LCD+0
0x9D0010C4	0x4C45434E ;?ICS?lstr4_MENU_LCD+4
0x9D0010C8	0x002141 ;?ICS?lstr4_MENU_LCD+8
; end of ?ICS?lstr4_MENU_LCD
;MENU_LCD.c,0 :: ?ICS_Screen2 [20]
0x9D0010CC	0x9D0011F8 ;?ICS_Screen2+0
0x9D0010D0	0x9D00116C ;?ICS_Screen2+4
0x9D0010D4	0x9D001118 ;?ICS_Screen2+8
0x9D0010D8	0x9D0010FC ;?ICS_Screen2+12
0x9D0010DC	0x00000000 ;?ICS_Screen2+16
; end of ?ICS_Screen2
;MENU_LCD.c,0 :: ?ICS_Screen1 [20]
0x9D0010E0	0x9D0011A4 ;?ICS_Screen1+0
0x9D0010E4	0x9D001188 ;?ICS_Screen1+4
0x9D0010E8	0x9D001214 ;?ICS_Screen1+8
0x9D0010EC	0x9D0011DC ;?ICS_Screen1+12
0x9D0010F0	0x00000000 ;?ICS_Screen1+16
; end of ?ICS_Screen1
;MENU_LCD.c,0 :: ?ICS?lstr1_MENU_LCD [8]
0x9D0010F4	0x414D0A0D ;?ICS?lstr1_MENU_LCD+0
0x9D0010F8	0x00215349 ;?ICS?lstr1_MENU_LCD+4
; end of ?ICS?lstr1_MENU_LCD
;MENU_LCD.c,58 :: _Menu23 [28]
0x9D0010FC	0x00000000 ;_Menu23+0
0x9D001100	0x54524F50 ;_Menu23+4
0x9D001104	0x203D2044 ;_Menu23+8
0x9D001108	0x00000038 ;_Menu23+12
0x9D00110C	0x00000000 ;_Menu23+16
0x9D001110	0x9D000384 ;_Menu23+20
0x9D001114	0x00000008 ;_Menu23+24
; end of _Menu23
;MENU_LCD.c,57 :: _Menu22 [28]
0x9D001118	0x00000000 ;_Menu22+0
0x9D00111C	0x54524F50 ;_Menu22+4
0x9D001120	0x203D2044 ;_Menu22+8
0x9D001124	0x00000034 ;_Menu22+12
0x9D001128	0x00000000 ;_Menu22+16
0x9D00112C	0x9D000384 ;_Menu22+20
0x9D001130	0x00000004 ;_Menu22+24
; end of _Menu22
;MENU_LCD.c,63 :: _Menu02 [28]
0x9D001134	0xA0000018 ;_Menu02+0
0x9D001138	0x434E5546 ;_Menu02+4
0x9D00113C	0x32204F41 ;_Menu02+8
0x9D001140	0x00000000 ;_Menu02+12
0x9D001144	0x00000000 ;_Menu02+16
0x9D001148	0x00000000 ;_Menu02+20
0x9D00114C	0x00000000 ;_Menu02+24
; end of _Menu02
;MENU_LCD.c,62 :: _Menu01 [28]
0x9D001150	0xA000002C ;_Menu01+0
0x9D001154	0x434E5546 ;_Menu01+4
0x9D001158	0x31204F41 ;_Menu01+8
0x9D00115C	0x00000000 ;_Menu01+12
0x9D001160	0x00000000 ;_Menu01+16
0x9D001164	0x00000000 ;_Menu01+20
0x9D001168	0x00000000 ;_Menu01+24
; end of _Menu01
;MENU_LCD.c,56 :: _Menu21 [28]
0x9D00116C	0x00000000 ;_Menu21+0
0x9D001170	0x54524F50 ;_Menu21+4
0x9D001174	0x203D2044 ;_Menu21+8
0x9D001178	0x00000032 ;_Menu21+12
0x9D00117C	0x00000000 ;_Menu21+16
0x9D001180	0x9D000384 ;_Menu21+20
0x9D001184	0x00000002 ;_Menu21+24
; end of _Menu21
;MENU_LCD.c,50 :: _Menu11 [28]
0x9D001188	0x00000000 ;_Menu11+0
0x9D00118C	0x76697441 ;_Menu11+4
0x9D001190	0x53207261 ;_Menu11+8
0x9D001194	0x61646961 ;_Menu11+12
0x9D001198	0x00000073 ;_Menu11+16
0x9D00119C	0x9D000384 ;_Menu11+20
0x9D0011A0	0x000000FF ;_Menu11+24
; end of _Menu11
;MENU_LCD.c,49 :: _Menu10 [28]
0x9D0011A4	0xA0000048 ;_Menu10+0
0x9D0011A8	0x7274754F ;_Menu10+4
0x9D0011AC	0x75462061 ;_Menu10+8
0x9D0011B0	0x6F61636E ;_Menu10+12
0x9D0011B4	0x00000000 ;_Menu10+16
0x9D0011B8	0x00000000 ;_Menu10+20
0x9D0011BC	0x00000000 ;_Menu10+24
; end of _Menu10
;MENU_LCD.c,45 :: _Menu30 [28]
0x9D0011C0	0x00000000 ;_Menu30+0
0x9D0011C4	0x54524F50 ;_Menu30+4
0x9D0011C8	0x203D2044 ;_Menu30+8
0x9D0011CC	0x00003233 ;_Menu30+12
0x9D0011D0	0x00000000 ;_Menu30+16
0x9D0011D4	0x9D000384 ;_Menu30+20
0x9D0011D8	0x00000020 ;_Menu30+24
; end of _Menu30
;MENU_LCD.c,52 :: _Menu13 [28]
0x9D0011DC	0x00000000 ;_Menu13+0
0x9D0011E0	0x6C736544 ;_Menu13+4
0x9D0011E4	0x72616769 ;_Menu13+8
0x9D0011E8	0x69615320 ;_Menu13+12
0x9D0011EC	0x00736164 ;_Menu13+16
0x9D0011F0	0x9D000384 ;_Menu13+20
0x9D0011F4	0x00000000 ;_Menu13+24
; end of _Menu13
;MENU_LCD.c,55 :: _Menu20 [28]
0x9D0011F8	0x00000000 ;_Menu20+0
0x9D0011FC	0x54524F50 ;_Menu20+4
0x9D001200	0x203D2044 ;_Menu20+8
0x9D001204	0x00000031 ;_Menu20+12
0x9D001208	0x00000000 ;_Menu20+16
0x9D00120C	0x9D000384 ;_Menu20+20
0x9D001210	0x00000001 ;_Menu20+24
; end of _Menu20
;MENU_LCD.c,51 :: _Menu12 [28]
0x9D001214	0x00000000 ;_Menu12+0
0x9D001218	0x65746C41 ;_Menu12+4
0x9D00121C	0x72616E72 ;_Menu12+8
0x9D001220	0x69615320 ;_Menu12+12
0x9D001224	0x00736164 ;_Menu12+16
0x9D001228	0x9D000468 ;_Menu12+20
0x9D00122C	0x00000000 ;_Menu12+24
; end of _Menu12
;MENU_LCD.c,0 :: ?ICS?lstr3_MENU_LCD [12]
0x9D001230	0x4F430A0D ;?ICS?lstr3_MENU_LCD+0
0x9D001234	0x5249464E ;?ICS?lstr3_MENU_LCD+4
0x9D001238	0x0021414D ;?ICS?lstr3_MENU_LCD+8
; end of ?ICS?lstr3_MENU_LCD
;,0 :: _initBlock_19 [11]
; Containing: ?ICS?lstr2_MENU_LCD [9]
;             ?ICSMENU_LCD_selecao [1]
;             ?ICS_keyPressed [1]
0x9D00123C	0x454D0A0D ;_initBlock_19+0 : ?ICS?lstr2_MENU_LCD at 0x9D00123C
0x9D001240	0x21534F4E ;_initBlock_19+4
0x9D001244	0x5F0000 ;_initBlock_19+8 : ?ICSMENU_LCD_selecao at 0x9D001245 : ?ICS_keyPressed at 0x9D001246
; end of _initBlock_19
Symbol List:
//** Routines locations **
//ADDRESS    SIZE    PROCEDURE
//----------------------------------------------
0x9D000000      [52]    _UART2_Write
0x9D000034     [208]    _Lcd_Chr
0x9D000104      [32]    _Delay_1us
0x9D000124      [32]    _Delay_50us
0x9D000144      [88]    _UART2_Write_Text
0x9D00019C      [60]    MENU_LCD_LcdWriteFromROM
0x9D0001D8      [32]    _Delay_5500us
0x9D0001F8      [20]    _TeclaConfirma
0x9D00020C      [20]    _TeclaCancela
0x9D000220      [20]    _TeclaManual
0x9D000234      [20]    _TeclaMais
0x9D000248      [20]    _TeclaMenos
0x9D00025C     [296]    MENU_LCD_MostrarItens
0x9D000384      [40]    _DefinirSaidas
0x9D0003AC     [164]    _KeyReading
0x9D000450      [24]    _KeyRead
0x9D000468      [40]    _AlternarSaidas
0x9D000490     [732]    _Lcd_Init
0x9D00076C     [140]    __Lib_UART_123456_UART_Calc_BRG
0x9D0007F8      [12]    _Get_Fosc_kHz
0x9D000804      [48]    _Lcd_Chr_CP
0x9D000834     [372]    _Lcd_Cmd
0x9D0009A8      [32]    ___CC2DW
0x9D0009C8      [32]    ___FillZeros
0x9D0009E8      [52]    _AD_Init
0x9D000A1C      [64]    _Lcd_Inicialize
0x9D000A5C      [96]    _Keyboard_Interrupt
0x9D000ABC     [488]    _Menu_main
0x9D000CA4     [248]    _Lcd_Out
0x9D000D9C      [72]    _Menu_init
0x9D000DE4     [232]    _UART2_Init
0x9D000ECC     [100]    _TimerKeyboard_Init
0x9D000F30     [152]    _main
0x9D000FC8      [24]    ___BootGenExcept
0x9D000FE0      [24]    ___GenExcept
0x9D000FF8     [136]    _InterruptTimerKeyboard
0xBFC00000     [296]    ___BootStartUp
//** Variables locations ** 
//ADDRESS    SIZE    VARIABLE
//----------------------------------------------
0xA0000000      [12]    ?lstr3_MENU_LCD
0xA000000C       [9]    ?lstr2_MENU_LCD
0xA0000015       [1]    MENU_LCD_selecao
0xA0000016       [1]    _keyPressed
0xA0000017       [1]    _T0_cntKEY
0xA0000018      [20]    _Screen2
0xA000002C      [20]    _Screen1
0xA0000040       [8]    ?lstr1_MENU_LCD
0xA0000048       [8]    _Screen3
0xA0000050      [12]    _TelaInicial
0xA000005C      [19]    ?lstr6_MENU_LCD
0xA000006F       [7]    ?lstr1_MENU_LCD_Main
0xA0000076      [18]    ?lstr5_MENU_LCD
0xA0000088      [11]    ?lstr4_MENU_LCD
0xA0000093       [0]    __Lib_Lcd_cmd_status
0xA0000094       [4]    MENU_LCD_MenuAtual
0xA0000098       [4]    _UART_Rd_Ptr
0xA000009C       [4]    _UART_Wr_Ptr
0xA00000A0       [4]    _UART_Tx_Idle_Ptr
0xA00000A4       [4]    _UART_Rdy_Ptr
0xA00000A8      [32]    MENU_LCD_Stack
0xA00000C8       [4]    MENU_LCD_MenuAnterior
//** Constants locations ** 
//ADDRESS    SIZE    CONSTANT
//----------------------------------------------
0x9D001080       [8]    ?ICS_Screen3
0x9D001088      [12]    ?ICS_TelaInicial
0x9D001094      [19]    ?ICS?lstr6_MENU_LCD
0x9D0010A7       [7]    ?ICS?lstr1_MENU_LCD_Main
0x9D0010AE      [18]    ?ICS?lstr5_MENU_LCD
0x9D0010C0      [11]    ?ICS?lstr4_MENU_LCD
0x9D0010CC      [20]    ?ICS_Screen2
0x9D0010E0      [20]    ?ICS_Screen1
0x9D0010F4       [8]    ?ICS?lstr1_MENU_LCD
0x9D0010FC      [28]    _Menu23
0x9D001118      [28]    _Menu22
0x9D001134      [28]    _Menu02
0x9D001150      [28]    _Menu01
0x9D00116C      [28]    _Menu21
0x9D001188      [28]    _Menu11
0x9D0011A4      [28]    _Menu10
0x9D0011C0      [28]    _Menu30
0x9D0011DC      [28]    _Menu13
0x9D0011F8      [28]    _Menu20
0x9D001214      [28]    _Menu12
0x9D001230      [12]    ?ICS?lstr3_MENU_LCD
0x9D00123C       [9]    ?ICS?lstr2_MENU_LCD
0x9D001245       [1]    ?ICSMENU_LCD_selecao
0x9D001246       [1]    ?ICS_keyPressed
